終端機在文法中未使用

   ARITHMETIC_PARENTHESES
   LOWER_THEN_ARITHMETIC_PARENTHESES


文法

    0 $accept: program $end

    1 program: declaration_list funct_def decl_and_def_list
    2        | declaration_list proc_def decl_and_def_list
    3        | proc_def decl_and_def_list
    4        | funct_def decl_and_def_list

    5 decl_and_def_list: decl_and_def_list declaration_list
    6                  | decl_and_def_list definition_list
    7                  | %empty

    8 declaration_list: declaration_list const_decl
    9                 | declaration_list var_decl
   10                 | declaration_list funct_decl
   11                 | declaration_list proc_decl
   12                 | const_decl
   13                 | var_decl
   14                 | funct_decl
   15                 | proc_decl

   16 var_decl: type var_list SEMICOLON

   17 type: INT
   18     | BOOL
   19     | DOUBLE
   20     | FLOAT
   21     | STRING

   22 identifier: scalar_id
   23           | scalar_id array_indice

   24 var_list: var_entry
   25         | var_entry COMMA var_list

   26 var_entry: identifier
   27          | scalar_id ASSIGN expr
   28          | scalar_id array_indice ASSIGN '{' zero_or_more_expr_list '}'

   29 scalar_id: ID

   30 array_indice: single_array_indice array_indice
   31             | single_array_indice

   32 single_array_indice: '[' INTEGER_CONSTANT ']'

   33 const_decl: CONST type const_list SEMICOLON

   34 const_list: single_const
   35           | single_const COMMA const_list

   36 single_const: scalar_id ASSIGN literal_constant
   37             | scalar_id ASSIGN '-' literal_constant

   38 literal_constant: INTEGER_CONSTANT
   39                 | FLOATING_CONSTANT
   40                 | BOOLEAN_CONSTANT
   41                 | STRING_CONSTANT

   42 $@1: %empty

   43 funct_decl: type scalar_id '(' args ')' $@1 SEMICOLON

   44 $@2: %empty

   45 proc_decl: VOID scalar_id '(' args ')' $@2 SEMICOLON

   46 definition_list: definition_list funct_def
   47                | definition_list proc_def
   48                | funct_def
   49                | proc_def

   50 $@3: %empty

   51 funct_def: type scalar_id '(' args ')' $@3 compound_stat

   52 $@4: %empty

   53 proc_def: VOID scalar_id '(' args ')' $@4 compound_stat

   54 args: arg_list
   55     | %empty

   56 $@5: %empty

   57 single_arg: type $@5 identifier

   58 $@6: %empty

   59 single_arg: CONST type $@6 identifier

   60 arg_list: single_arg COMMA arg_list
   61         | single_arg

   62 compound_stat: '{' local_decl_list zero_or_more_stat_list '}'

   63 local_decl_list: var_decl_list
   64                | %empty

   65 var_decl_list: var_decl_entry var_decl_list
   66              | var_decl_entry

   67 var_decl_entry: var_decl
   68               | const_decl

   69 zero_or_more_stat_list: stat_list
   70                       | %empty

   71 stat_list: stat_list stat
   72          | stat

   73 stat: compound_stat
   74     | simple_stat
   75     | if_stat
   76     | while_stat
   77     | for_stat
   78     | jump_stat
   79     | funct_call SEMICOLON

   80 if_stat: if_only_stat
   81        | if_else_stat

   82 if_only_stat: KW_IF '(' bool_expr ')' compound_stat

   83 if_else_stat: KW_IF '(' bool_expr ')' compound_stat KW_ELSE compound_stat

   84 while_stat: KW_WHILE '(' bool_expr ')' compound_stat
   85           | KW_DO compound_stat KW_WHILE '(' bool_expr ')' SEMICOLON

   86 for_stat: KW_FOR '(' for_expr SEMICOLON for_expr SEMICOLON for_expr ')' '{' zero_or_more_stat_list '}'

   87 for_expr: expr
   88         | one_or_more_for_assignment
   89         | %empty

   90 one_or_more_for_assignment: var_ref ASSIGN expr
   91                           | one_or_more_for_assignment COMMA var_ref ASSIGN expr

   92 jump_stat: KW_RETURN expr SEMICOLON
   93          | KW_BREAK SEMICOLON
   94          | KW_CONTINUE SEMICOLON

   95 simple_stat: var_ref ASSIGN expr SEMICOLON
   96            | KW_PRINT expr SEMICOLON
   97            | KW_READ var_ref SEMICOLON

   98 var_ref: scalar_id
   99        | scalar_id intexpr_array_indice

  100 intexpr_array_indice: intexpr_single_array_indice intexpr_array_indice
  101                     | intexpr_single_array_indice

  102 intexpr_single_array_indice: '[' int_expr ']'

  103 int_expr: expr

  104 bool_expr: expr

  105 expr: expr '+' expr
  106     | expr '-' expr
  107     | expr '*' expr
  108     | expr '/' expr
  109     | expr '%' expr
  110     | '-' expr
  111     | '(' expr ')'
  112     | expr OP_LT expr
  113     | expr OP_LE expr
  114     | expr OP_GT expr
  115     | expr OP_GE expr
  116     | expr OP_NE expr
  117     | expr OP_EQ expr
  118     | expr OP_AND expr
  119     | expr OP_OR expr
  120     | OP_NOT expr
  121     | literal_constant
  122     | funct_call
  123     | var_ref

  124 $@7: %empty

  125 funct_call: scalar_id $@7 '(' zero_or_more_expr_list ')'

  126 zero_or_more_expr_list: expr_list
  127                       | %empty

  128 expr_list: expr
  129          | expr_list COMMA expr


終結語詞，附有它們出現處的規則

$end (0) 0
'%' (37) 109
'(' (40) 43 45 51 53 82 83 84 85 86 111 125
')' (41) 43 45 51 53 82 83 84 85 86 111 125
'*' (42) 107
'+' (43) 105
'-' (45) 37 106 110
'/' (47) 108
'[' (91) 32 102
']' (93) 32 102
'{' (123) 28 62 86
'}' (125) 28 62 86
error (256)
INT (258) 17
BOOL (259) 18
FLOAT (260) 20
DOUBLE (261) 19
STRING (262) 21
CONST (263) 33 59
VOID (264) 45 53
END (265)
LESS_THAN_ELSE (266)
KW_ELSE (267) 83
ARITHMETIC_PARENTHESES (268)
LOWER_THEN_ARITHMETIC_PARENTHESES (269)
OP_OR (270) 119
OP_AND (271) 118
OP_NOT (272) 120
OP_LT (273) 112
OP_LE (274) 113
OP_EQ (275) 117
OP_GE (276) 115
OP_GT (277) 114
OP_NE (278) 116
KW_RETURN (279) 92
KW_BREAK (280) 93
KW_CONTINUE (281) 94
KW_FOR (282) 86
KW_WHILE (283) 84 85
KW_DO (284) 85
KW_IF (285) 82 83
SEMICOLON (286) 16 33 43 45 79 85 86 92 93 94 95 96 97
ID (287) 29
ASSIGN (288) 27 28 36 37 90 91 95
COMMA (289) 25 35 60 91 129
KW_PRINT (290) 96
KW_READ (291) 97
INTEGER_CONSTANT (292) 32 38
FLOATING_CONSTANT (293) 39
BOOLEAN_CONSTANT (294) 40
STRING_CONSTANT (295) 41


非終結語詞，附有它們出現處的規則

$accept (52)
    於左側： 0
program (53)
    於左側： 1 2 3 4,於右側： 0
decl_and_def_list (54)
    於左側： 5 6 7,於右側： 1 2 3 4 5 6
declaration_list (55)
    於左側： 8 9 10 11 12 13 14 15,於右側： 1 2 5 8 9 10 11
var_decl (56)
    於左側： 16,於右側： 9 13 67
type (57)
    於左側： 17 18 19 20 21,於右側： 16 33 43 51 57 59
identifier (58)
    於左側： 22 23,於右側： 26 57 59
var_list (59)
    於左側： 24 25,於右側： 16 25
var_entry (60)
    於左側： 26 27 28,於右側： 24 25
scalar_id (61)
    於左側： 29,於右側： 22 23 27 28 36 37 43 45 51 53 98 99
    125
array_indice (62)
    於左側： 30 31,於右側： 23 28 30
single_array_indice (63)
    於左側： 32,於右側： 30 31
const_decl (64)
    於左側： 33,於右側： 8 12 68
const_list (65)
    於左側： 34 35,於右側： 33 35
single_const (66)
    於左側： 36 37,於右側： 34 35
literal_constant (67)
    於左側： 38 39 40 41,於右側： 36 37 121
funct_decl (68)
    於左側： 43,於右側： 10 14
$@1 (69)
    於左側： 42,於右側： 43
proc_decl (70)
    於左側： 45,於右側： 11 15
$@2 (71)
    於左側： 44,於右側： 45
definition_list (72)
    於左側： 46 47 48 49,於右側： 6 46 47
funct_def (73)
    於左側： 51,於右側： 1 4 46 48
$@3 (74)
    於左側： 50,於右側： 51
proc_def (75)
    於左側： 53,於右側： 2 3 47 49
$@4 (76)
    於左側： 52,於右側： 53
args (77)
    於左側： 54 55,於右側： 43 45 51 53
single_arg (78)
    於左側： 57 59,於右側： 60 61
$@5 (79)
    於左側： 56,於右側： 57
$@6 (80)
    於左側： 58,於右側： 59
arg_list (81)
    於左側： 60 61,於右側： 54 60
compound_stat (82)
    於左側： 62,於右側： 51 53 73 82 83 84 85
local_decl_list (83)
    於左側： 63 64,於右側： 62
var_decl_list (84)
    於左側： 65 66,於右側： 63 65
var_decl_entry (85)
    於左側： 67 68,於右側： 65 66
zero_or_more_stat_list (86)
    於左側： 69 70,於右側： 62 86
stat_list (87)
    於左側： 71 72,於右側： 69 71
stat (88)
    於左側： 73 74 75 76 77 78 79,於右側： 71 72
if_stat (89)
    於左側： 80 81,於右側： 75
if_only_stat (90)
    於左側： 82,於右側： 80
if_else_stat (91)
    於左側： 83,於右側： 81
while_stat (92)
    於左側： 84 85,於右側： 76
for_stat (93)
    於左側： 86,於右側： 77
for_expr (94)
    於左側： 87 88 89,於右側： 86
one_or_more_for_assignment (95)
    於左側： 90 91,於右側： 88 91
jump_stat (96)
    於左側： 92 93 94,於右側： 78
simple_stat (97)
    於左側： 95 96 97,於右側： 74
var_ref (98)
    於左側： 98 99,於右側： 90 91 95 97 123
intexpr_array_indice (99)
    於左側： 100 101,於右側： 99 100
intexpr_single_array_indice (100)
    於左側： 102,於右側： 100 101
int_expr (101)
    於左側： 103,於右側： 102
bool_expr (102)
    於左側： 104,於右側： 82 83 84 85
expr (103)
    於左側： 105 106 107 108 109 110 111 112 113 114 115 116 117
    118 119 120 121 122 123,於右側： 27 87 90 91 92 95 96 103 104
    105 106 107 108 109 110 111 112 113 114 115 116 117 118 119 120
    128 129
funct_call (104)
    於左側： 125,於右側： 79 122
$@7 (105)
    於左側： 124,於右側： 125
zero_or_more_expr_list (106)
    於左側： 126 127,於右側： 28 125
expr_list (107)
    於左側： 128 129,於右側： 126 129


狀態 0

    0 $accept: . program $end

    INT     偏移，並進入狀態 1
    BOOL    偏移，並進入狀態 2
    FLOAT   偏移，並進入狀態 3
    DOUBLE  偏移，並進入狀態 4
    STRING  偏移，並進入狀態 5
    CONST   偏移，並進入狀態 6
    VOID    偏移，並進入狀態 7

    program           進入狀態 8
    declaration_list  進入狀態 9
    var_decl          進入狀態 10
    type              進入狀態 11
    const_decl        進入狀態 12
    funct_decl        進入狀態 13
    proc_decl         進入狀態 14
    funct_def         進入狀態 15
    proc_def          進入狀態 16


狀態 1

   17 type: INT .

    $預設  使用規則 17 以縮減 (type)


狀態 2

   18 type: BOOL .

    $預設  使用規則 18 以縮減 (type)


狀態 3

   20 type: FLOAT .

    $預設  使用規則 20 以縮減 (type)


狀態 4

   19 type: DOUBLE .

    $預設  使用規則 19 以縮減 (type)


狀態 5

   21 type: STRING .

    $預設  使用規則 21 以縮減 (type)


狀態 6

   33 const_decl: CONST . type const_list SEMICOLON

    INT     偏移，並進入狀態 1
    BOOL    偏移，並進入狀態 2
    FLOAT   偏移，並進入狀態 3
    DOUBLE  偏移，並進入狀態 4
    STRING  偏移，並進入狀態 5

    type  進入狀態 17


狀態 7

   45 proc_decl: VOID . scalar_id '(' args ')' $@2 SEMICOLON
   53 proc_def: VOID . scalar_id '(' args ')' $@4 compound_stat

    ID  偏移，並進入狀態 18

    scalar_id  進入狀態 19


狀態 8

    0 $accept: program . $end

    $end  偏移，並進入狀態 20


狀態 9

    1 program: declaration_list . funct_def decl_and_def_list
    2        | declaration_list . proc_def decl_and_def_list
    8 declaration_list: declaration_list . const_decl
    9                 | declaration_list . var_decl
   10                 | declaration_list . funct_decl
   11                 | declaration_list . proc_decl

    INT     偏移，並進入狀態 1
    BOOL    偏移，並進入狀態 2
    FLOAT   偏移，並進入狀態 3
    DOUBLE  偏移，並進入狀態 4
    STRING  偏移，並進入狀態 5
    CONST   偏移，並進入狀態 6
    VOID    偏移，並進入狀態 7

    var_decl    進入狀態 21
    type        進入狀態 11
    const_decl  進入狀態 22
    funct_decl  進入狀態 23
    proc_decl   進入狀態 24
    funct_def   進入狀態 25
    proc_def    進入狀態 26


狀態 10

   13 declaration_list: var_decl .

    $預設  使用規則 13 以縮減 (declaration_list)


狀態 11

   16 var_decl: type . var_list SEMICOLON
   43 funct_decl: type . scalar_id '(' args ')' $@1 SEMICOLON
   51 funct_def: type . scalar_id '(' args ')' $@3 compound_stat

    ID  偏移，並進入狀態 18

    identifier  進入狀態 27
    var_list    進入狀態 28
    var_entry   進入狀態 29
    scalar_id   進入狀態 30


狀態 12

   12 declaration_list: const_decl .

    $預設  使用規則 12 以縮減 (declaration_list)


狀態 13

   14 declaration_list: funct_decl .

    $預設  使用規則 14 以縮減 (declaration_list)


狀態 14

   15 declaration_list: proc_decl .

    $預設  使用規則 15 以縮減 (declaration_list)


狀態 15

    4 program: funct_def . decl_and_def_list

    $預設  使用規則 7 以縮減 (decl_and_def_list)

    decl_and_def_list  進入狀態 31


狀態 16

    3 program: proc_def . decl_and_def_list

    $預設  使用規則 7 以縮減 (decl_and_def_list)

    decl_and_def_list  進入狀態 32


狀態 17

   33 const_decl: CONST type . const_list SEMICOLON

    ID  偏移，並進入狀態 18

    scalar_id     進入狀態 33
    const_list    進入狀態 34
    single_const  進入狀態 35


狀態 18

   29 scalar_id: ID .

    $預設  使用規則 29 以縮減 (scalar_id)


狀態 19

   45 proc_decl: VOID scalar_id . '(' args ')' $@2 SEMICOLON
   53 proc_def: VOID scalar_id . '(' args ')' $@4 compound_stat

    '('  偏移，並進入狀態 36


狀態 20

    0 $accept: program $end .

    $預設  接受


狀態 21

    9 declaration_list: declaration_list var_decl .

    $預設  使用規則 9 以縮減 (declaration_list)


狀態 22

    8 declaration_list: declaration_list const_decl .

    $預設  使用規則 8 以縮減 (declaration_list)


狀態 23

   10 declaration_list: declaration_list funct_decl .

    $預設  使用規則 10 以縮減 (declaration_list)


狀態 24

   11 declaration_list: declaration_list proc_decl .

    $預設  使用規則 11 以縮減 (declaration_list)


狀態 25

    1 program: declaration_list funct_def . decl_and_def_list

    $預設  使用規則 7 以縮減 (decl_and_def_list)

    decl_and_def_list  進入狀態 37


狀態 26

    2 program: declaration_list proc_def . decl_and_def_list

    $預設  使用規則 7 以縮減 (decl_and_def_list)

    decl_and_def_list  進入狀態 38


狀態 27

   26 var_entry: identifier .

    $預設  使用規則 26 以縮減 (var_entry)


狀態 28

   16 var_decl: type var_list . SEMICOLON

    SEMICOLON  偏移，並進入狀態 39


狀態 29

   24 var_list: var_entry .
   25         | var_entry . COMMA var_list

    COMMA  偏移，並進入狀態 40

    $預設  使用規則 24 以縮減 (var_list)


狀態 30

   22 identifier: scalar_id .
   23           | scalar_id . array_indice
   27 var_entry: scalar_id . ASSIGN expr
   28          | scalar_id . array_indice ASSIGN '{' zero_or_more_expr_list '}'
   43 funct_decl: type scalar_id . '(' args ')' $@1 SEMICOLON
   51 funct_def: type scalar_id . '(' args ')' $@3 compound_stat

    '('     偏移，並進入狀態 41
    ASSIGN  偏移，並進入狀態 42
    '['     偏移，並進入狀態 43

    $預設  使用規則 22 以縮減 (identifier)

    array_indice         進入狀態 44
    single_array_indice  進入狀態 45


狀態 31

    4 program: funct_def decl_and_def_list .
    5 decl_and_def_list: decl_and_def_list . declaration_list
    6                  | decl_and_def_list . definition_list

    INT     偏移，並進入狀態 1
    BOOL    偏移，並進入狀態 2
    FLOAT   偏移，並進入狀態 3
    DOUBLE  偏移，並進入狀態 4
    STRING  偏移，並進入狀態 5
    CONST   偏移，並進入狀態 6
    VOID    偏移，並進入狀態 7

    $預設  使用規則 4 以縮減 (program)

    declaration_list  進入狀態 46
    var_decl          進入狀態 10
    type              進入狀態 11
    const_decl        進入狀態 12
    funct_decl        進入狀態 13
    proc_decl         進入狀態 14
    definition_list   進入狀態 47
    funct_def         進入狀態 48
    proc_def          進入狀態 49


狀態 32

    3 program: proc_def decl_and_def_list .
    5 decl_and_def_list: decl_and_def_list . declaration_list
    6                  | decl_and_def_list . definition_list

    INT     偏移，並進入狀態 1
    BOOL    偏移，並進入狀態 2
    FLOAT   偏移，並進入狀態 3
    DOUBLE  偏移，並進入狀態 4
    STRING  偏移，並進入狀態 5
    CONST   偏移，並進入狀態 6
    VOID    偏移，並進入狀態 7

    $預設  使用規則 3 以縮減 (program)

    declaration_list  進入狀態 46
    var_decl          進入狀態 10
    type              進入狀態 11
    const_decl        進入狀態 12
    funct_decl        進入狀態 13
    proc_decl         進入狀態 14
    definition_list   進入狀態 47
    funct_def         進入狀態 48
    proc_def          進入狀態 49


狀態 33

   36 single_const: scalar_id . ASSIGN literal_constant
   37             | scalar_id . ASSIGN '-' literal_constant

    ASSIGN  偏移，並進入狀態 50


狀態 34

   33 const_decl: CONST type const_list . SEMICOLON

    SEMICOLON  偏移，並進入狀態 51


狀態 35

   34 const_list: single_const .
   35           | single_const . COMMA const_list

    COMMA  偏移，並進入狀態 52

    $預設  使用規則 34 以縮減 (const_list)


狀態 36

   45 proc_decl: VOID scalar_id '(' . args ')' $@2 SEMICOLON
   53 proc_def: VOID scalar_id '(' . args ')' $@4 compound_stat

    INT     偏移，並進入狀態 1
    BOOL    偏移，並進入狀態 2
    FLOAT   偏移，並進入狀態 3
    DOUBLE  偏移，並進入狀態 4
    STRING  偏移，並進入狀態 5
    CONST   偏移，並進入狀態 53

    $預設  使用規則 55 以縮減 (args)

    type        進入狀態 54
    args        進入狀態 55
    single_arg  進入狀態 56
    arg_list    進入狀態 57


狀態 37

    1 program: declaration_list funct_def decl_and_def_list .
    5 decl_and_def_list: decl_and_def_list . declaration_list
    6                  | decl_and_def_list . definition_list

    INT     偏移，並進入狀態 1
    BOOL    偏移，並進入狀態 2
    FLOAT   偏移，並進入狀態 3
    DOUBLE  偏移，並進入狀態 4
    STRING  偏移，並進入狀態 5
    CONST   偏移，並進入狀態 6
    VOID    偏移，並進入狀態 7

    $預設  使用規則 1 以縮減 (program)

    declaration_list  進入狀態 46
    var_decl          進入狀態 10
    type              進入狀態 11
    const_decl        進入狀態 12
    funct_decl        進入狀態 13
    proc_decl         進入狀態 14
    definition_list   進入狀態 47
    funct_def         進入狀態 48
    proc_def          進入狀態 49


狀態 38

    2 program: declaration_list proc_def decl_and_def_list .
    5 decl_and_def_list: decl_and_def_list . declaration_list
    6                  | decl_and_def_list . definition_list

    INT     偏移，並進入狀態 1
    BOOL    偏移，並進入狀態 2
    FLOAT   偏移，並進入狀態 3
    DOUBLE  偏移，並進入狀態 4
    STRING  偏移，並進入狀態 5
    CONST   偏移，並進入狀態 6
    VOID    偏移，並進入狀態 7

    $預設  使用規則 2 以縮減 (program)

    declaration_list  進入狀態 46
    var_decl          進入狀態 10
    type              進入狀態 11
    const_decl        進入狀態 12
    funct_decl        進入狀態 13
    proc_decl         進入狀態 14
    definition_list   進入狀態 47
    funct_def         進入狀態 48
    proc_def          進入狀態 49


狀態 39

   16 var_decl: type var_list SEMICOLON .

    $預設  使用規則 16 以縮減 (var_decl)


狀態 40

   25 var_list: var_entry COMMA . var_list

    ID  偏移，並進入狀態 18

    identifier  進入狀態 27
    var_list    進入狀態 58
    var_entry   進入狀態 29
    scalar_id   進入狀態 59


狀態 41

   43 funct_decl: type scalar_id '(' . args ')' $@1 SEMICOLON
   51 funct_def: type scalar_id '(' . args ')' $@3 compound_stat

    INT     偏移，並進入狀態 1
    BOOL    偏移，並進入狀態 2
    FLOAT   偏移，並進入狀態 3
    DOUBLE  偏移，並進入狀態 4
    STRING  偏移，並進入狀態 5
    CONST   偏移，並進入狀態 53

    $預設  使用規則 55 以縮減 (args)

    type        進入狀態 54
    args        進入狀態 60
    single_arg  進入狀態 56
    arg_list    進入狀態 57


狀態 42

   27 var_entry: scalar_id ASSIGN . expr

    '('                偏移，並進入狀態 61
    OP_NOT             偏移，並進入狀態 62
    '-'                偏移，並進入狀態 63
    ID                 偏移，並進入狀態 18
    INTEGER_CONSTANT   偏移，並進入狀態 64
    FLOATING_CONSTANT  偏移，並進入狀態 65
    BOOLEAN_CONSTANT   偏移，並進入狀態 66
    STRING_CONSTANT    偏移，並進入狀態 67

    scalar_id         進入狀態 68
    literal_constant  進入狀態 69
    var_ref           進入狀態 70
    expr              進入狀態 71
    funct_call        進入狀態 72


狀態 43

   32 single_array_indice: '[' . INTEGER_CONSTANT ']'

    INTEGER_CONSTANT  偏移，並進入狀態 73


狀態 44

   23 identifier: scalar_id array_indice .
   28 var_entry: scalar_id array_indice . ASSIGN '{' zero_or_more_expr_list '}'

    ASSIGN  偏移，並進入狀態 74

    $預設  使用規則 23 以縮減 (identifier)


狀態 45

   30 array_indice: single_array_indice . array_indice
   31             | single_array_indice .

    '['  偏移，並進入狀態 43

    $預設  使用規則 31 以縮減 (array_indice)

    array_indice         進入狀態 75
    single_array_indice  進入狀態 45


狀態 46

    5 decl_and_def_list: decl_and_def_list declaration_list .
    8 declaration_list: declaration_list . const_decl
    9                 | declaration_list . var_decl
   10                 | declaration_list . funct_decl
   11                 | declaration_list . proc_decl

    $預設  使用規則 5 以縮減 (decl_and_def_list)

    var_decl    進入狀態 21
    type        進入狀態 76
    const_decl  進入狀態 22
    funct_decl  進入狀態 23
    proc_decl   進入狀態 24


狀態 47

    6 decl_and_def_list: decl_and_def_list definition_list .
   46 definition_list: definition_list . funct_def
   47                | definition_list . proc_def

    $預設  使用規則 6 以縮減 (decl_and_def_list)

    type       進入狀態 77
    funct_def  進入狀態 78
    proc_def   進入狀態 79


狀態 48

   48 definition_list: funct_def .

    $預設  使用規則 48 以縮減 (definition_list)


狀態 49

   49 definition_list: proc_def .

    $預設  使用規則 49 以縮減 (definition_list)


狀態 50

   36 single_const: scalar_id ASSIGN . literal_constant
   37             | scalar_id ASSIGN . '-' literal_constant

    '-'                偏移，並進入狀態 80
    INTEGER_CONSTANT   偏移，並進入狀態 64
    FLOATING_CONSTANT  偏移，並進入狀態 65
    BOOLEAN_CONSTANT   偏移，並進入狀態 66
    STRING_CONSTANT    偏移，並進入狀態 67

    literal_constant  進入狀態 81


狀態 51

   33 const_decl: CONST type const_list SEMICOLON .

    $預設  使用規則 33 以縮減 (const_decl)


狀態 52

   35 const_list: single_const COMMA . const_list

    ID  偏移，並進入狀態 18

    scalar_id     進入狀態 33
    const_list    進入狀態 82
    single_const  進入狀態 35


狀態 53

   59 single_arg: CONST . type $@6 identifier

    INT     偏移，並進入狀態 1
    BOOL    偏移，並進入狀態 2
    FLOAT   偏移，並進入狀態 3
    DOUBLE  偏移，並進入狀態 4
    STRING  偏移，並進入狀態 5

    type  進入狀態 83


狀態 54

   57 single_arg: type . $@5 identifier

    $預設  使用規則 56 以縮減 ($@5)

    $@5  進入狀態 84


狀態 55

   45 proc_decl: VOID scalar_id '(' args . ')' $@2 SEMICOLON
   53 proc_def: VOID scalar_id '(' args . ')' $@4 compound_stat

    ')'  偏移，並進入狀態 85


狀態 56

   60 arg_list: single_arg . COMMA arg_list
   61         | single_arg .

    COMMA  偏移，並進入狀態 86

    $預設  使用規則 61 以縮減 (arg_list)


狀態 57

   54 args: arg_list .

    $預設  使用規則 54 以縮減 (args)


狀態 58

   25 var_list: var_entry COMMA var_list .

    $預設  使用規則 25 以縮減 (var_list)


狀態 59

   22 identifier: scalar_id .
   23           | scalar_id . array_indice
   27 var_entry: scalar_id . ASSIGN expr
   28          | scalar_id . array_indice ASSIGN '{' zero_or_more_expr_list '}'

    ASSIGN  偏移，並進入狀態 42
    '['     偏移，並進入狀態 43

    $預設  使用規則 22 以縮減 (identifier)

    array_indice         進入狀態 44
    single_array_indice  進入狀態 45


狀態 60

   43 funct_decl: type scalar_id '(' args . ')' $@1 SEMICOLON
   51 funct_def: type scalar_id '(' args . ')' $@3 compound_stat

    ')'  偏移，並進入狀態 87


狀態 61

  111 expr: '(' . expr ')'

    '('                偏移，並進入狀態 61
    OP_NOT             偏移，並進入狀態 62
    '-'                偏移，並進入狀態 63
    ID                 偏移，並進入狀態 18
    INTEGER_CONSTANT   偏移，並進入狀態 64
    FLOATING_CONSTANT  偏移，並進入狀態 65
    BOOLEAN_CONSTANT   偏移，並進入狀態 66
    STRING_CONSTANT    偏移，並進入狀態 67

    scalar_id         進入狀態 68
    literal_constant  進入狀態 69
    var_ref           進入狀態 70
    expr              進入狀態 88
    funct_call        進入狀態 72


狀態 62

  120 expr: OP_NOT . expr

    '('                偏移，並進入狀態 61
    OP_NOT             偏移，並進入狀態 62
    '-'                偏移，並進入狀態 63
    ID                 偏移，並進入狀態 18
    INTEGER_CONSTANT   偏移，並進入狀態 64
    FLOATING_CONSTANT  偏移，並進入狀態 65
    BOOLEAN_CONSTANT   偏移，並進入狀態 66
    STRING_CONSTANT    偏移，並進入狀態 67

    scalar_id         進入狀態 68
    literal_constant  進入狀態 69
    var_ref           進入狀態 70
    expr              進入狀態 89
    funct_call        進入狀態 72


狀態 63

  110 expr: '-' . expr

    '('                偏移，並進入狀態 61
    OP_NOT             偏移，並進入狀態 62
    '-'                偏移，並進入狀態 63
    ID                 偏移，並進入狀態 18
    INTEGER_CONSTANT   偏移，並進入狀態 64
    FLOATING_CONSTANT  偏移，並進入狀態 65
    BOOLEAN_CONSTANT   偏移，並進入狀態 66
    STRING_CONSTANT    偏移，並進入狀態 67

    scalar_id         進入狀態 68
    literal_constant  進入狀態 69
    var_ref           進入狀態 70
    expr              進入狀態 90
    funct_call        進入狀態 72


狀態 64

   38 literal_constant: INTEGER_CONSTANT .

    $預設  使用規則 38 以縮減 (literal_constant)


狀態 65

   39 literal_constant: FLOATING_CONSTANT .

    $預設  使用規則 39 以縮減 (literal_constant)


狀態 66

   40 literal_constant: BOOLEAN_CONSTANT .

    $預設  使用規則 40 以縮減 (literal_constant)


狀態 67

   41 literal_constant: STRING_CONSTANT .

    $預設  使用規則 41 以縮減 (literal_constant)


狀態 68

   98 var_ref: scalar_id .
   99        | scalar_id . intexpr_array_indice
  125 funct_call: scalar_id . $@7 '(' zero_or_more_expr_list ')'

    '['  偏移，並進入狀態 91

    '('      使用規則 124 以縮減 ($@7)
    $預設  使用規則 98 以縮減 (var_ref)

    intexpr_array_indice         進入狀態 92
    intexpr_single_array_indice  進入狀態 93
    $@7                          進入狀態 94


狀態 69

  121 expr: literal_constant .

    $預設  使用規則 121 以縮減 (expr)


狀態 70

  123 expr: var_ref .

    $預設  使用規則 123 以縮減 (expr)


狀態 71

   27 var_entry: scalar_id ASSIGN expr .
  105 expr: expr . '+' expr
  106     | expr . '-' expr
  107     | expr . '*' expr
  108     | expr . '/' expr
  109     | expr . '%' expr
  112     | expr . OP_LT expr
  113     | expr . OP_LE expr
  114     | expr . OP_GT expr
  115     | expr . OP_GE expr
  116     | expr . OP_NE expr
  117     | expr . OP_EQ expr
  118     | expr . OP_AND expr
  119     | expr . OP_OR expr

    OP_OR   偏移，並進入狀態 95
    OP_AND  偏移，並進入狀態 96
    OP_LT   偏移，並進入狀態 97
    OP_LE   偏移，並進入狀態 98
    OP_EQ   偏移，並進入狀態 99
    OP_GE   偏移，並進入狀態 100
    OP_GT   偏移，並進入狀態 101
    OP_NE   偏移，並進入狀態 102
    '+'     偏移，並進入狀態 103
    '-'     偏移，並進入狀態 104
    '*'     偏移，並進入狀態 105
    '/'     偏移，並進入狀態 106
    '%'     偏移，並進入狀態 107

    $預設  使用規則 27 以縮減 (var_entry)


狀態 72

  122 expr: funct_call .

    $預設  使用規則 122 以縮減 (expr)


狀態 73

   32 single_array_indice: '[' INTEGER_CONSTANT . ']'

    ']'  偏移，並進入狀態 108


狀態 74

   28 var_entry: scalar_id array_indice ASSIGN . '{' zero_or_more_expr_list '}'

    '{'  偏移，並進入狀態 109


狀態 75

   30 array_indice: single_array_indice array_indice .

    $預設  使用規則 30 以縮減 (array_indice)


狀態 76

   16 var_decl: type . var_list SEMICOLON
   43 funct_decl: type . scalar_id '(' args ')' $@1 SEMICOLON

    ID  偏移，並進入狀態 18

    identifier  進入狀態 27
    var_list    進入狀態 28
    var_entry   進入狀態 29
    scalar_id   進入狀態 110


狀態 77

   51 funct_def: type . scalar_id '(' args ')' $@3 compound_stat

    ID  偏移，並進入狀態 18

    scalar_id  進入狀態 111


狀態 78

   46 definition_list: definition_list funct_def .

    $預設  使用規則 46 以縮減 (definition_list)


狀態 79

   47 definition_list: definition_list proc_def .

    $預設  使用規則 47 以縮減 (definition_list)


狀態 80

   37 single_const: scalar_id ASSIGN '-' . literal_constant

    INTEGER_CONSTANT   偏移，並進入狀態 64
    FLOATING_CONSTANT  偏移，並進入狀態 65
    BOOLEAN_CONSTANT   偏移，並進入狀態 66
    STRING_CONSTANT    偏移，並進入狀態 67

    literal_constant  進入狀態 112


狀態 81

   36 single_const: scalar_id ASSIGN literal_constant .

    $預設  使用規則 36 以縮減 (single_const)


狀態 82

   35 const_list: single_const COMMA const_list .

    $預設  使用規則 35 以縮減 (const_list)


狀態 83

   59 single_arg: CONST type . $@6 identifier

    $預設  使用規則 58 以縮減 ($@6)

    $@6  進入狀態 113


狀態 84

   57 single_arg: type $@5 . identifier

    ID  偏移，並進入狀態 18

    identifier  進入狀態 114
    scalar_id   進入狀態 115


狀態 85

   45 proc_decl: VOID scalar_id '(' args ')' . $@2 SEMICOLON
   53 proc_def: VOID scalar_id '(' args ')' . $@4 compound_stat

    '{'      使用規則 52 以縮減 ($@4)
    $預設  使用規則 44 以縮減 ($@2)

    $@2  進入狀態 116
    $@4  進入狀態 117


狀態 86

   60 arg_list: single_arg COMMA . arg_list

    INT     偏移，並進入狀態 1
    BOOL    偏移，並進入狀態 2
    FLOAT   偏移，並進入狀態 3
    DOUBLE  偏移，並進入狀態 4
    STRING  偏移，並進入狀態 5
    CONST   偏移，並進入狀態 53

    type        進入狀態 54
    single_arg  進入狀態 56
    arg_list    進入狀態 118


狀態 87

   43 funct_decl: type scalar_id '(' args ')' . $@1 SEMICOLON
   51 funct_def: type scalar_id '(' args ')' . $@3 compound_stat

    '{'      使用規則 50 以縮減 ($@3)
    $預設  使用規則 42 以縮減 ($@1)

    $@1  進入狀態 119
    $@3  進入狀態 120


狀態 88

  105 expr: expr . '+' expr
  106     | expr . '-' expr
  107     | expr . '*' expr
  108     | expr . '/' expr
  109     | expr . '%' expr
  111     | '(' expr . ')'
  112     | expr . OP_LT expr
  113     | expr . OP_LE expr
  114     | expr . OP_GT expr
  115     | expr . OP_GE expr
  116     | expr . OP_NE expr
  117     | expr . OP_EQ expr
  118     | expr . OP_AND expr
  119     | expr . OP_OR expr

    ')'     偏移，並進入狀態 121
    OP_OR   偏移，並進入狀態 95
    OP_AND  偏移，並進入狀態 96
    OP_LT   偏移，並進入狀態 97
    OP_LE   偏移，並進入狀態 98
    OP_EQ   偏移，並進入狀態 99
    OP_GE   偏移，並進入狀態 100
    OP_GT   偏移，並進入狀態 101
    OP_NE   偏移，並進入狀態 102
    '+'     偏移，並進入狀態 103
    '-'     偏移，並進入狀態 104
    '*'     偏移，並進入狀態 105
    '/'     偏移，並進入狀態 106
    '%'     偏移，並進入狀態 107


狀態 89

  105 expr: expr . '+' expr
  106     | expr . '-' expr
  107     | expr . '*' expr
  108     | expr . '/' expr
  109     | expr . '%' expr
  112     | expr . OP_LT expr
  113     | expr . OP_LE expr
  114     | expr . OP_GT expr
  115     | expr . OP_GE expr
  116     | expr . OP_NE expr
  117     | expr . OP_EQ expr
  118     | expr . OP_AND expr
  119     | expr . OP_OR expr
  120     | OP_NOT expr .

    OP_LT  偏移，並進入狀態 97
    OP_LE  偏移，並進入狀態 98
    OP_EQ  偏移，並進入狀態 99
    OP_GE  偏移，並進入狀態 100
    OP_GT  偏移，並進入狀態 101
    OP_NE  偏移，並進入狀態 102
    '+'    偏移，並進入狀態 103
    '-'    偏移，並進入狀態 104
    '*'    偏移，並進入狀態 105
    '/'    偏移，並進入狀態 106
    '%'    偏移，並進入狀態 107

    $預設  使用規則 120 以縮減 (expr)


狀態 90

  105 expr: expr . '+' expr
  106     | expr . '-' expr
  107     | expr . '*' expr
  108     | expr . '/' expr
  109     | expr . '%' expr
  110     | '-' expr .
  112     | expr . OP_LT expr
  113     | expr . OP_LE expr
  114     | expr . OP_GT expr
  115     | expr . OP_GE expr
  116     | expr . OP_NE expr
  117     | expr . OP_EQ expr
  118     | expr . OP_AND expr
  119     | expr . OP_OR expr

    $預設  使用規則 110 以縮減 (expr)


狀態 91

  102 intexpr_single_array_indice: '[' . int_expr ']'

    '('                偏移，並進入狀態 61
    OP_NOT             偏移，並進入狀態 62
    '-'                偏移，並進入狀態 63
    ID                 偏移，並進入狀態 18
    INTEGER_CONSTANT   偏移，並進入狀態 64
    FLOATING_CONSTANT  偏移，並進入狀態 65
    BOOLEAN_CONSTANT   偏移，並進入狀態 66
    STRING_CONSTANT    偏移，並進入狀態 67

    scalar_id         進入狀態 68
    literal_constant  進入狀態 69
    var_ref           進入狀態 70
    int_expr          進入狀態 122
    expr              進入狀態 123
    funct_call        進入狀態 72


狀態 92

   99 var_ref: scalar_id intexpr_array_indice .

    $預設  使用規則 99 以縮減 (var_ref)


狀態 93

  100 intexpr_array_indice: intexpr_single_array_indice . intexpr_array_indice
  101                     | intexpr_single_array_indice .

    '['  偏移，並進入狀態 91

    $預設  使用規則 101 以縮減 (intexpr_array_indice)

    intexpr_array_indice         進入狀態 124
    intexpr_single_array_indice  進入狀態 93


狀態 94

  125 funct_call: scalar_id $@7 . '(' zero_or_more_expr_list ')'

    '('  偏移，並進入狀態 125


狀態 95

  119 expr: expr OP_OR . expr

    '('                偏移，並進入狀態 61
    OP_NOT             偏移，並進入狀態 62
    '-'                偏移，並進入狀態 63
    ID                 偏移，並進入狀態 18
    INTEGER_CONSTANT   偏移，並進入狀態 64
    FLOATING_CONSTANT  偏移，並進入狀態 65
    BOOLEAN_CONSTANT   偏移，並進入狀態 66
    STRING_CONSTANT    偏移，並進入狀態 67

    scalar_id         進入狀態 68
    literal_constant  進入狀態 69
    var_ref           進入狀態 70
    expr              進入狀態 126
    funct_call        進入狀態 72


狀態 96

  118 expr: expr OP_AND . expr

    '('                偏移，並進入狀態 61
    OP_NOT             偏移，並進入狀態 62
    '-'                偏移，並進入狀態 63
    ID                 偏移，並進入狀態 18
    INTEGER_CONSTANT   偏移，並進入狀態 64
    FLOATING_CONSTANT  偏移，並進入狀態 65
    BOOLEAN_CONSTANT   偏移，並進入狀態 66
    STRING_CONSTANT    偏移，並進入狀態 67

    scalar_id         進入狀態 68
    literal_constant  進入狀態 69
    var_ref           進入狀態 70
    expr              進入狀態 127
    funct_call        進入狀態 72


狀態 97

  112 expr: expr OP_LT . expr

    '('                偏移，並進入狀態 61
    OP_NOT             偏移，並進入狀態 62
    '-'                偏移，並進入狀態 63
    ID                 偏移，並進入狀態 18
    INTEGER_CONSTANT   偏移，並進入狀態 64
    FLOATING_CONSTANT  偏移，並進入狀態 65
    BOOLEAN_CONSTANT   偏移，並進入狀態 66
    STRING_CONSTANT    偏移，並進入狀態 67

    scalar_id         進入狀態 68
    literal_constant  進入狀態 69
    var_ref           進入狀態 70
    expr              進入狀態 128
    funct_call        進入狀態 72


狀態 98

  113 expr: expr OP_LE . expr

    '('                偏移，並進入狀態 61
    OP_NOT             偏移，並進入狀態 62
    '-'                偏移，並進入狀態 63
    ID                 偏移，並進入狀態 18
    INTEGER_CONSTANT   偏移，並進入狀態 64
    FLOATING_CONSTANT  偏移，並進入狀態 65
    BOOLEAN_CONSTANT   偏移，並進入狀態 66
    STRING_CONSTANT    偏移，並進入狀態 67

    scalar_id         進入狀態 68
    literal_constant  進入狀態 69
    var_ref           進入狀態 70
    expr              進入狀態 129
    funct_call        進入狀態 72


狀態 99

  117 expr: expr OP_EQ . expr

    '('                偏移，並進入狀態 61
    OP_NOT             偏移，並進入狀態 62
    '-'                偏移，並進入狀態 63
    ID                 偏移，並進入狀態 18
    INTEGER_CONSTANT   偏移，並進入狀態 64
    FLOATING_CONSTANT  偏移，並進入狀態 65
    BOOLEAN_CONSTANT   偏移，並進入狀態 66
    STRING_CONSTANT    偏移，並進入狀態 67

    scalar_id         進入狀態 68
    literal_constant  進入狀態 69
    var_ref           進入狀態 70
    expr              進入狀態 130
    funct_call        進入狀態 72


狀態 100

  115 expr: expr OP_GE . expr

    '('                偏移，並進入狀態 61
    OP_NOT             偏移，並進入狀態 62
    '-'                偏移，並進入狀態 63
    ID                 偏移，並進入狀態 18
    INTEGER_CONSTANT   偏移，並進入狀態 64
    FLOATING_CONSTANT  偏移，並進入狀態 65
    BOOLEAN_CONSTANT   偏移，並進入狀態 66
    STRING_CONSTANT    偏移，並進入狀態 67

    scalar_id         進入狀態 68
    literal_constant  進入狀態 69
    var_ref           進入狀態 70
    expr              進入狀態 131
    funct_call        進入狀態 72


狀態 101

  114 expr: expr OP_GT . expr

    '('                偏移，並進入狀態 61
    OP_NOT             偏移，並進入狀態 62
    '-'                偏移，並進入狀態 63
    ID                 偏移，並進入狀態 18
    INTEGER_CONSTANT   偏移，並進入狀態 64
    FLOATING_CONSTANT  偏移，並進入狀態 65
    BOOLEAN_CONSTANT   偏移，並進入狀態 66
    STRING_CONSTANT    偏移，並進入狀態 67

    scalar_id         進入狀態 68
    literal_constant  進入狀態 69
    var_ref           進入狀態 70
    expr              進入狀態 132
    funct_call        進入狀態 72


狀態 102

  116 expr: expr OP_NE . expr

    '('                偏移，並進入狀態 61
    OP_NOT             偏移，並進入狀態 62
    '-'                偏移，並進入狀態 63
    ID                 偏移，並進入狀態 18
    INTEGER_CONSTANT   偏移，並進入狀態 64
    FLOATING_CONSTANT  偏移，並進入狀態 65
    BOOLEAN_CONSTANT   偏移，並進入狀態 66
    STRING_CONSTANT    偏移，並進入狀態 67

    scalar_id         進入狀態 68
    literal_constant  進入狀態 69
    var_ref           進入狀態 70
    expr              進入狀態 133
    funct_call        進入狀態 72


狀態 103

  105 expr: expr '+' . expr

    '('                偏移，並進入狀態 61
    OP_NOT             偏移，並進入狀態 62
    '-'                偏移，並進入狀態 63
    ID                 偏移，並進入狀態 18
    INTEGER_CONSTANT   偏移，並進入狀態 64
    FLOATING_CONSTANT  偏移，並進入狀態 65
    BOOLEAN_CONSTANT   偏移，並進入狀態 66
    STRING_CONSTANT    偏移，並進入狀態 67

    scalar_id         進入狀態 68
    literal_constant  進入狀態 69
    var_ref           進入狀態 70
    expr              進入狀態 134
    funct_call        進入狀態 72


狀態 104

  106 expr: expr '-' . expr

    '('                偏移，並進入狀態 61
    OP_NOT             偏移，並進入狀態 62
    '-'                偏移，並進入狀態 63
    ID                 偏移，並進入狀態 18
    INTEGER_CONSTANT   偏移，並進入狀態 64
    FLOATING_CONSTANT  偏移，並進入狀態 65
    BOOLEAN_CONSTANT   偏移，並進入狀態 66
    STRING_CONSTANT    偏移，並進入狀態 67

    scalar_id         進入狀態 68
    literal_constant  進入狀態 69
    var_ref           進入狀態 70
    expr              進入狀態 135
    funct_call        進入狀態 72


狀態 105

  107 expr: expr '*' . expr

    '('                偏移，並進入狀態 61
    OP_NOT             偏移，並進入狀態 62
    '-'                偏移，並進入狀態 63
    ID                 偏移，並進入狀態 18
    INTEGER_CONSTANT   偏移，並進入狀態 64
    FLOATING_CONSTANT  偏移，並進入狀態 65
    BOOLEAN_CONSTANT   偏移，並進入狀態 66
    STRING_CONSTANT    偏移，並進入狀態 67

    scalar_id         進入狀態 68
    literal_constant  進入狀態 69
    var_ref           進入狀態 70
    expr              進入狀態 136
    funct_call        進入狀態 72


狀態 106

  108 expr: expr '/' . expr

    '('                偏移，並進入狀態 61
    OP_NOT             偏移，並進入狀態 62
    '-'                偏移，並進入狀態 63
    ID                 偏移，並進入狀態 18
    INTEGER_CONSTANT   偏移，並進入狀態 64
    FLOATING_CONSTANT  偏移，並進入狀態 65
    BOOLEAN_CONSTANT   偏移，並進入狀態 66
    STRING_CONSTANT    偏移，並進入狀態 67

    scalar_id         進入狀態 68
    literal_constant  進入狀態 69
    var_ref           進入狀態 70
    expr              進入狀態 137
    funct_call        進入狀態 72


狀態 107

  109 expr: expr '%' . expr

    '('                偏移，並進入狀態 61
    OP_NOT             偏移，並進入狀態 62
    '-'                偏移，並進入狀態 63
    ID                 偏移，並進入狀態 18
    INTEGER_CONSTANT   偏移，並進入狀態 64
    FLOATING_CONSTANT  偏移，並進入狀態 65
    BOOLEAN_CONSTANT   偏移，並進入狀態 66
    STRING_CONSTANT    偏移，並進入狀態 67

    scalar_id         進入狀態 68
    literal_constant  進入狀態 69
    var_ref           進入狀態 70
    expr              進入狀態 138
    funct_call        進入狀態 72


狀態 108

   32 single_array_indice: '[' INTEGER_CONSTANT ']' .

    $預設  使用規則 32 以縮減 (single_array_indice)


狀態 109

   28 var_entry: scalar_id array_indice ASSIGN '{' . zero_or_more_expr_list '}'

    '('                偏移，並進入狀態 61
    OP_NOT             偏移，並進入狀態 62
    '-'                偏移，並進入狀態 63
    ID                 偏移，並進入狀態 18
    INTEGER_CONSTANT   偏移，並進入狀態 64
    FLOATING_CONSTANT  偏移，並進入狀態 65
    BOOLEAN_CONSTANT   偏移，並進入狀態 66
    STRING_CONSTANT    偏移，並進入狀態 67

    $預設  使用規則 127 以縮減 (zero_or_more_expr_list)

    scalar_id               進入狀態 68
    literal_constant        進入狀態 69
    var_ref                 進入狀態 70
    expr                    進入狀態 139
    funct_call              進入狀態 72
    zero_or_more_expr_list  進入狀態 140
    expr_list               進入狀態 141


狀態 110

   22 identifier: scalar_id .
   23           | scalar_id . array_indice
   27 var_entry: scalar_id . ASSIGN expr
   28          | scalar_id . array_indice ASSIGN '{' zero_or_more_expr_list '}'
   43 funct_decl: type scalar_id . '(' args ')' $@1 SEMICOLON

    '('     偏移，並進入狀態 142
    ASSIGN  偏移，並進入狀態 42
    '['     偏移，並進入狀態 43

    $預設  使用規則 22 以縮減 (identifier)

    array_indice         進入狀態 44
    single_array_indice  進入狀態 45


狀態 111

   51 funct_def: type scalar_id . '(' args ')' $@3 compound_stat

    '('  偏移，並進入狀態 143


狀態 112

   37 single_const: scalar_id ASSIGN '-' literal_constant .

    $預設  使用規則 37 以縮減 (single_const)


狀態 113

   59 single_arg: CONST type $@6 . identifier

    ID  偏移，並進入狀態 18

    identifier  進入狀態 144
    scalar_id   進入狀態 115


狀態 114

   57 single_arg: type $@5 identifier .

    $預設  使用規則 57 以縮減 (single_arg)


狀態 115

   22 identifier: scalar_id .
   23           | scalar_id . array_indice

    '['  偏移，並進入狀態 43

    $預設  使用規則 22 以縮減 (identifier)

    array_indice         進入狀態 145
    single_array_indice  進入狀態 45


狀態 116

   45 proc_decl: VOID scalar_id '(' args ')' $@2 . SEMICOLON

    SEMICOLON  偏移，並進入狀態 146


狀態 117

   53 proc_def: VOID scalar_id '(' args ')' $@4 . compound_stat

    '{'  偏移，並進入狀態 147

    compound_stat  進入狀態 148


狀態 118

   60 arg_list: single_arg COMMA arg_list .

    $預設  使用規則 60 以縮減 (arg_list)


狀態 119

   43 funct_decl: type scalar_id '(' args ')' $@1 . SEMICOLON

    SEMICOLON  偏移，並進入狀態 149


狀態 120

   51 funct_def: type scalar_id '(' args ')' $@3 . compound_stat

    '{'  偏移，並進入狀態 147

    compound_stat  進入狀態 150


狀態 121

  111 expr: '(' expr ')' .

    $預設  使用規則 111 以縮減 (expr)


狀態 122

  102 intexpr_single_array_indice: '[' int_expr . ']'

    ']'  偏移，並進入狀態 151


狀態 123

  103 int_expr: expr .
  105 expr: expr . '+' expr
  106     | expr . '-' expr
  107     | expr . '*' expr
  108     | expr . '/' expr
  109     | expr . '%' expr
  112     | expr . OP_LT expr
  113     | expr . OP_LE expr
  114     | expr . OP_GT expr
  115     | expr . OP_GE expr
  116     | expr . OP_NE expr
  117     | expr . OP_EQ expr
  118     | expr . OP_AND expr
  119     | expr . OP_OR expr

    OP_OR   偏移，並進入狀態 95
    OP_AND  偏移，並進入狀態 96
    OP_LT   偏移，並進入狀態 97
    OP_LE   偏移，並進入狀態 98
    OP_EQ   偏移，並進入狀態 99
    OP_GE   偏移，並進入狀態 100
    OP_GT   偏移，並進入狀態 101
    OP_NE   偏移，並進入狀態 102
    '+'     偏移，並進入狀態 103
    '-'     偏移，並進入狀態 104
    '*'     偏移，並進入狀態 105
    '/'     偏移，並進入狀態 106
    '%'     偏移，並進入狀態 107

    $預設  使用規則 103 以縮減 (int_expr)


狀態 124

  100 intexpr_array_indice: intexpr_single_array_indice intexpr_array_indice .

    $預設  使用規則 100 以縮減 (intexpr_array_indice)


狀態 125

  125 funct_call: scalar_id $@7 '(' . zero_or_more_expr_list ')'

    '('                偏移，並進入狀態 61
    OP_NOT             偏移，並進入狀態 62
    '-'                偏移，並進入狀態 63
    ID                 偏移，並進入狀態 18
    INTEGER_CONSTANT   偏移，並進入狀態 64
    FLOATING_CONSTANT  偏移，並進入狀態 65
    BOOLEAN_CONSTANT   偏移，並進入狀態 66
    STRING_CONSTANT    偏移，並進入狀態 67

    $預設  使用規則 127 以縮減 (zero_or_more_expr_list)

    scalar_id               進入狀態 68
    literal_constant        進入狀態 69
    var_ref                 進入狀態 70
    expr                    進入狀態 139
    funct_call              進入狀態 72
    zero_or_more_expr_list  進入狀態 152
    expr_list               進入狀態 141


狀態 126

  105 expr: expr . '+' expr
  106     | expr . '-' expr
  107     | expr . '*' expr
  108     | expr . '/' expr
  109     | expr . '%' expr
  112     | expr . OP_LT expr
  113     | expr . OP_LE expr
  114     | expr . OP_GT expr
  115     | expr . OP_GE expr
  116     | expr . OP_NE expr
  117     | expr . OP_EQ expr
  118     | expr . OP_AND expr
  119     | expr . OP_OR expr
  119     | expr OP_OR expr .

    OP_AND  偏移，並進入狀態 96
    OP_LT   偏移，並進入狀態 97
    OP_LE   偏移，並進入狀態 98
    OP_EQ   偏移，並進入狀態 99
    OP_GE   偏移，並進入狀態 100
    OP_GT   偏移，並進入狀態 101
    OP_NE   偏移，並進入狀態 102
    '+'     偏移，並進入狀態 103
    '-'     偏移，並進入狀態 104
    '*'     偏移，並進入狀態 105
    '/'     偏移，並進入狀態 106
    '%'     偏移，並進入狀態 107

    $預設  使用規則 119 以縮減 (expr)


狀態 127

  105 expr: expr . '+' expr
  106     | expr . '-' expr
  107     | expr . '*' expr
  108     | expr . '/' expr
  109     | expr . '%' expr
  112     | expr . OP_LT expr
  113     | expr . OP_LE expr
  114     | expr . OP_GT expr
  115     | expr . OP_GE expr
  116     | expr . OP_NE expr
  117     | expr . OP_EQ expr
  118     | expr . OP_AND expr
  118     | expr OP_AND expr .
  119     | expr . OP_OR expr

    OP_LT  偏移，並進入狀態 97
    OP_LE  偏移，並進入狀態 98
    OP_EQ  偏移，並進入狀態 99
    OP_GE  偏移，並進入狀態 100
    OP_GT  偏移，並進入狀態 101
    OP_NE  偏移，並進入狀態 102
    '+'    偏移，並進入狀態 103
    '-'    偏移，並進入狀態 104
    '*'    偏移，並進入狀態 105
    '/'    偏移，並進入狀態 106
    '%'    偏移，並進入狀態 107

    $預設  使用規則 118 以縮減 (expr)


狀態 128

  105 expr: expr . '+' expr
  106     | expr . '-' expr
  107     | expr . '*' expr
  108     | expr . '/' expr
  109     | expr . '%' expr
  112     | expr . OP_LT expr
  112     | expr OP_LT expr .
  113     | expr . OP_LE expr
  114     | expr . OP_GT expr
  115     | expr . OP_GE expr
  116     | expr . OP_NE expr
  117     | expr . OP_EQ expr
  118     | expr . OP_AND expr
  119     | expr . OP_OR expr

    '+'  偏移，並進入狀態 103
    '-'  偏移，並進入狀態 104
    '*'  偏移，並進入狀態 105
    '/'  偏移，並進入狀態 106
    '%'  偏移，並進入狀態 107

    OP_LT  錯誤 (非相聯的)
    OP_LE  錯誤 (非相聯的)
    OP_EQ  錯誤 (非相聯的)
    OP_GE  錯誤 (非相聯的)
    OP_GT  錯誤 (非相聯的)
    OP_NE  錯誤 (非相聯的)

    $預設  使用規則 112 以縮減 (expr)


狀態 129

  105 expr: expr . '+' expr
  106     | expr . '-' expr
  107     | expr . '*' expr
  108     | expr . '/' expr
  109     | expr . '%' expr
  112     | expr . OP_LT expr
  113     | expr . OP_LE expr
  113     | expr OP_LE expr .
  114     | expr . OP_GT expr
  115     | expr . OP_GE expr
  116     | expr . OP_NE expr
  117     | expr . OP_EQ expr
  118     | expr . OP_AND expr
  119     | expr . OP_OR expr

    '+'  偏移，並進入狀態 103
    '-'  偏移，並進入狀態 104
    '*'  偏移，並進入狀態 105
    '/'  偏移，並進入狀態 106
    '%'  偏移，並進入狀態 107

    OP_LT  錯誤 (非相聯的)
    OP_LE  錯誤 (非相聯的)
    OP_EQ  錯誤 (非相聯的)
    OP_GE  錯誤 (非相聯的)
    OP_GT  錯誤 (非相聯的)
    OP_NE  錯誤 (非相聯的)

    $預設  使用規則 113 以縮減 (expr)


狀態 130

  105 expr: expr . '+' expr
  106     | expr . '-' expr
  107     | expr . '*' expr
  108     | expr . '/' expr
  109     | expr . '%' expr
  112     | expr . OP_LT expr
  113     | expr . OP_LE expr
  114     | expr . OP_GT expr
  115     | expr . OP_GE expr
  116     | expr . OP_NE expr
  117     | expr . OP_EQ expr
  117     | expr OP_EQ expr .
  118     | expr . OP_AND expr
  119     | expr . OP_OR expr

    '+'  偏移，並進入狀態 103
    '-'  偏移，並進入狀態 104
    '*'  偏移，並進入狀態 105
    '/'  偏移，並進入狀態 106
    '%'  偏移，並進入狀態 107

    OP_LT  錯誤 (非相聯的)
    OP_LE  錯誤 (非相聯的)
    OP_EQ  錯誤 (非相聯的)
    OP_GE  錯誤 (非相聯的)
    OP_GT  錯誤 (非相聯的)
    OP_NE  錯誤 (非相聯的)

    $預設  使用規則 117 以縮減 (expr)


狀態 131

  105 expr: expr . '+' expr
  106     | expr . '-' expr
  107     | expr . '*' expr
  108     | expr . '/' expr
  109     | expr . '%' expr
  112     | expr . OP_LT expr
  113     | expr . OP_LE expr
  114     | expr . OP_GT expr
  115     | expr . OP_GE expr
  115     | expr OP_GE expr .
  116     | expr . OP_NE expr
  117     | expr . OP_EQ expr
  118     | expr . OP_AND expr
  119     | expr . OP_OR expr

    '+'  偏移，並進入狀態 103
    '-'  偏移，並進入狀態 104
    '*'  偏移，並進入狀態 105
    '/'  偏移，並進入狀態 106
    '%'  偏移，並進入狀態 107

    OP_LT  錯誤 (非相聯的)
    OP_LE  錯誤 (非相聯的)
    OP_EQ  錯誤 (非相聯的)
    OP_GE  錯誤 (非相聯的)
    OP_GT  錯誤 (非相聯的)
    OP_NE  錯誤 (非相聯的)

    $預設  使用規則 115 以縮減 (expr)


狀態 132

  105 expr: expr . '+' expr
  106     | expr . '-' expr
  107     | expr . '*' expr
  108     | expr . '/' expr
  109     | expr . '%' expr
  112     | expr . OP_LT expr
  113     | expr . OP_LE expr
  114     | expr . OP_GT expr
  114     | expr OP_GT expr .
  115     | expr . OP_GE expr
  116     | expr . OP_NE expr
  117     | expr . OP_EQ expr
  118     | expr . OP_AND expr
  119     | expr . OP_OR expr

    '+'  偏移，並進入狀態 103
    '-'  偏移，並進入狀態 104
    '*'  偏移，並進入狀態 105
    '/'  偏移，並進入狀態 106
    '%'  偏移，並進入狀態 107

    OP_LT  錯誤 (非相聯的)
    OP_LE  錯誤 (非相聯的)
    OP_EQ  錯誤 (非相聯的)
    OP_GE  錯誤 (非相聯的)
    OP_GT  錯誤 (非相聯的)
    OP_NE  錯誤 (非相聯的)

    $預設  使用規則 114 以縮減 (expr)


狀態 133

  105 expr: expr . '+' expr
  106     | expr . '-' expr
  107     | expr . '*' expr
  108     | expr . '/' expr
  109     | expr . '%' expr
  112     | expr . OP_LT expr
  113     | expr . OP_LE expr
  114     | expr . OP_GT expr
  115     | expr . OP_GE expr
  116     | expr . OP_NE expr
  116     | expr OP_NE expr .
  117     | expr . OP_EQ expr
  118     | expr . OP_AND expr
  119     | expr . OP_OR expr

    '+'  偏移，並進入狀態 103
    '-'  偏移，並進入狀態 104
    '*'  偏移，並進入狀態 105
    '/'  偏移，並進入狀態 106
    '%'  偏移，並進入狀態 107

    OP_LT  錯誤 (非相聯的)
    OP_LE  錯誤 (非相聯的)
    OP_EQ  錯誤 (非相聯的)
    OP_GE  錯誤 (非相聯的)
    OP_GT  錯誤 (非相聯的)
    OP_NE  錯誤 (非相聯的)

    $預設  使用規則 116 以縮減 (expr)


狀態 134

  105 expr: expr . '+' expr
  105     | expr '+' expr .
  106     | expr . '-' expr
  107     | expr . '*' expr
  108     | expr . '/' expr
  109     | expr . '%' expr
  112     | expr . OP_LT expr
  113     | expr . OP_LE expr
  114     | expr . OP_GT expr
  115     | expr . OP_GE expr
  116     | expr . OP_NE expr
  117     | expr . OP_EQ expr
  118     | expr . OP_AND expr
  119     | expr . OP_OR expr

    '*'  偏移，並進入狀態 105
    '/'  偏移，並進入狀態 106
    '%'  偏移，並進入狀態 107

    $預設  使用規則 105 以縮減 (expr)


狀態 135

  105 expr: expr . '+' expr
  106     | expr . '-' expr
  106     | expr '-' expr .
  107     | expr . '*' expr
  108     | expr . '/' expr
  109     | expr . '%' expr
  112     | expr . OP_LT expr
  113     | expr . OP_LE expr
  114     | expr . OP_GT expr
  115     | expr . OP_GE expr
  116     | expr . OP_NE expr
  117     | expr . OP_EQ expr
  118     | expr . OP_AND expr
  119     | expr . OP_OR expr

    '*'  偏移，並進入狀態 105
    '/'  偏移，並進入狀態 106
    '%'  偏移，並進入狀態 107

    $預設  使用規則 106 以縮減 (expr)


狀態 136

  105 expr: expr . '+' expr
  106     | expr . '-' expr
  107     | expr . '*' expr
  107     | expr '*' expr .
  108     | expr . '/' expr
  109     | expr . '%' expr
  112     | expr . OP_LT expr
  113     | expr . OP_LE expr
  114     | expr . OP_GT expr
  115     | expr . OP_GE expr
  116     | expr . OP_NE expr
  117     | expr . OP_EQ expr
  118     | expr . OP_AND expr
  119     | expr . OP_OR expr

    $預設  使用規則 107 以縮減 (expr)


狀態 137

  105 expr: expr . '+' expr
  106     | expr . '-' expr
  107     | expr . '*' expr
  108     | expr . '/' expr
  108     | expr '/' expr .
  109     | expr . '%' expr
  112     | expr . OP_LT expr
  113     | expr . OP_LE expr
  114     | expr . OP_GT expr
  115     | expr . OP_GE expr
  116     | expr . OP_NE expr
  117     | expr . OP_EQ expr
  118     | expr . OP_AND expr
  119     | expr . OP_OR expr

    $預設  使用規則 108 以縮減 (expr)


狀態 138

  105 expr: expr . '+' expr
  106     | expr . '-' expr
  107     | expr . '*' expr
  108     | expr . '/' expr
  109     | expr . '%' expr
  109     | expr '%' expr .
  112     | expr . OP_LT expr
  113     | expr . OP_LE expr
  114     | expr . OP_GT expr
  115     | expr . OP_GE expr
  116     | expr . OP_NE expr
  117     | expr . OP_EQ expr
  118     | expr . OP_AND expr
  119     | expr . OP_OR expr

    $預設  使用規則 109 以縮減 (expr)


狀態 139

  105 expr: expr . '+' expr
  106     | expr . '-' expr
  107     | expr . '*' expr
  108     | expr . '/' expr
  109     | expr . '%' expr
  112     | expr . OP_LT expr
  113     | expr . OP_LE expr
  114     | expr . OP_GT expr
  115     | expr . OP_GE expr
  116     | expr . OP_NE expr
  117     | expr . OP_EQ expr
  118     | expr . OP_AND expr
  119     | expr . OP_OR expr
  128 expr_list: expr .

    OP_OR   偏移，並進入狀態 95
    OP_AND  偏移，並進入狀態 96
    OP_LT   偏移，並進入狀態 97
    OP_LE   偏移，並進入狀態 98
    OP_EQ   偏移，並進入狀態 99
    OP_GE   偏移，並進入狀態 100
    OP_GT   偏移，並進入狀態 101
    OP_NE   偏移，並進入狀態 102
    '+'     偏移，並進入狀態 103
    '-'     偏移，並進入狀態 104
    '*'     偏移，並進入狀態 105
    '/'     偏移，並進入狀態 106
    '%'     偏移，並進入狀態 107

    $預設  使用規則 128 以縮減 (expr_list)


狀態 140

   28 var_entry: scalar_id array_indice ASSIGN '{' zero_or_more_expr_list . '}'

    '}'  偏移，並進入狀態 153


狀態 141

  126 zero_or_more_expr_list: expr_list .
  129 expr_list: expr_list . COMMA expr

    COMMA  偏移，並進入狀態 154

    $預設  使用規則 126 以縮減 (zero_or_more_expr_list)


狀態 142

   43 funct_decl: type scalar_id '(' . args ')' $@1 SEMICOLON

    INT     偏移，並進入狀態 1
    BOOL    偏移，並進入狀態 2
    FLOAT   偏移，並進入狀態 3
    DOUBLE  偏移，並進入狀態 4
    STRING  偏移，並進入狀態 5
    CONST   偏移，並進入狀態 53

    $預設  使用規則 55 以縮減 (args)

    type        進入狀態 54
    args        進入狀態 155
    single_arg  進入狀態 56
    arg_list    進入狀態 57


狀態 143

   51 funct_def: type scalar_id '(' . args ')' $@3 compound_stat

    INT     偏移，並進入狀態 1
    BOOL    偏移，並進入狀態 2
    FLOAT   偏移，並進入狀態 3
    DOUBLE  偏移，並進入狀態 4
    STRING  偏移，並進入狀態 5
    CONST   偏移，並進入狀態 53

    $預設  使用規則 55 以縮減 (args)

    type        進入狀態 54
    args        進入狀態 156
    single_arg  進入狀態 56
    arg_list    進入狀態 57


狀態 144

   59 single_arg: CONST type $@6 identifier .

    $預設  使用規則 59 以縮減 (single_arg)


狀態 145

   23 identifier: scalar_id array_indice .

    $預設  使用規則 23 以縮減 (identifier)


狀態 146

   45 proc_decl: VOID scalar_id '(' args ')' $@2 SEMICOLON .

    $預設  使用規則 45 以縮減 (proc_decl)


狀態 147

   62 compound_stat: '{' . local_decl_list zero_or_more_stat_list '}'

    INT     偏移，並進入狀態 1
    BOOL    偏移，並進入狀態 2
    FLOAT   偏移，並進入狀態 3
    DOUBLE  偏移，並進入狀態 4
    STRING  偏移，並進入狀態 5
    CONST   偏移，並進入狀態 6

    $預設  使用規則 64 以縮減 (local_decl_list)

    var_decl         進入狀態 157
    type             進入狀態 158
    const_decl       進入狀態 159
    local_decl_list  進入狀態 160
    var_decl_list    進入狀態 161
    var_decl_entry   進入狀態 162


狀態 148

   53 proc_def: VOID scalar_id '(' args ')' $@4 compound_stat .

    $預設  使用規則 53 以縮減 (proc_def)


狀態 149

   43 funct_decl: type scalar_id '(' args ')' $@1 SEMICOLON .

    $預設  使用規則 43 以縮減 (funct_decl)


狀態 150

   51 funct_def: type scalar_id '(' args ')' $@3 compound_stat .

    $預設  使用規則 51 以縮減 (funct_def)


狀態 151

  102 intexpr_single_array_indice: '[' int_expr ']' .

    $預設  使用規則 102 以縮減 (intexpr_single_array_indice)


狀態 152

  125 funct_call: scalar_id $@7 '(' zero_or_more_expr_list . ')'

    ')'  偏移，並進入狀態 163


狀態 153

   28 var_entry: scalar_id array_indice ASSIGN '{' zero_or_more_expr_list '}' .

    $預設  使用規則 28 以縮減 (var_entry)


狀態 154

  129 expr_list: expr_list COMMA . expr

    '('                偏移，並進入狀態 61
    OP_NOT             偏移，並進入狀態 62
    '-'                偏移，並進入狀態 63
    ID                 偏移，並進入狀態 18
    INTEGER_CONSTANT   偏移，並進入狀態 64
    FLOATING_CONSTANT  偏移，並進入狀態 65
    BOOLEAN_CONSTANT   偏移，並進入狀態 66
    STRING_CONSTANT    偏移，並進入狀態 67

    scalar_id         進入狀態 68
    literal_constant  進入狀態 69
    var_ref           進入狀態 70
    expr              進入狀態 164
    funct_call        進入狀態 72


狀態 155

   43 funct_decl: type scalar_id '(' args . ')' $@1 SEMICOLON

    ')'  偏移，並進入狀態 165


狀態 156

   51 funct_def: type scalar_id '(' args . ')' $@3 compound_stat

    ')'  偏移，並進入狀態 166


狀態 157

   67 var_decl_entry: var_decl .

    $預設  使用規則 67 以縮減 (var_decl_entry)


狀態 158

   16 var_decl: type . var_list SEMICOLON

    ID  偏移，並進入狀態 18

    identifier  進入狀態 27
    var_list    進入狀態 28
    var_entry   進入狀態 29
    scalar_id   進入狀態 59


狀態 159

   68 var_decl_entry: const_decl .

    $預設  使用規則 68 以縮減 (var_decl_entry)


狀態 160

   62 compound_stat: '{' local_decl_list . zero_or_more_stat_list '}'

    KW_RETURN    偏移，並進入狀態 167
    KW_BREAK     偏移，並進入狀態 168
    KW_CONTINUE  偏移，並進入狀態 169
    KW_FOR       偏移，並進入狀態 170
    KW_WHILE     偏移，並進入狀態 171
    KW_DO        偏移，並進入狀態 172
    KW_IF        偏移，並進入狀態 173
    ID           偏移，並進入狀態 18
    KW_PRINT     偏移，並進入狀態 174
    KW_READ      偏移，並進入狀態 175
    '{'          偏移，並進入狀態 147

    $預設  使用規則 70 以縮減 (zero_or_more_stat_list)

    scalar_id               進入狀態 68
    compound_stat           進入狀態 176
    zero_or_more_stat_list  進入狀態 177
    stat_list               進入狀態 178
    stat                    進入狀態 179
    if_stat                 進入狀態 180
    if_only_stat            進入狀態 181
    if_else_stat            進入狀態 182
    while_stat              進入狀態 183
    for_stat                進入狀態 184
    jump_stat               進入狀態 185
    simple_stat             進入狀態 186
    var_ref                 進入狀態 187
    funct_call              進入狀態 188


狀態 161

   63 local_decl_list: var_decl_list .

    $預設  使用規則 63 以縮減 (local_decl_list)


狀態 162

   65 var_decl_list: var_decl_entry . var_decl_list
   66              | var_decl_entry .

    INT     偏移，並進入狀態 1
    BOOL    偏移，並進入狀態 2
    FLOAT   偏移，並進入狀態 3
    DOUBLE  偏移，並進入狀態 4
    STRING  偏移，並進入狀態 5
    CONST   偏移，並進入狀態 6

    $預設  使用規則 66 以縮減 (var_decl_list)

    var_decl        進入狀態 157
    type            進入狀態 158
    const_decl      進入狀態 159
    var_decl_list   進入狀態 189
    var_decl_entry  進入狀態 162


狀態 163

  125 funct_call: scalar_id $@7 '(' zero_or_more_expr_list ')' .

    $預設  使用規則 125 以縮減 (funct_call)


狀態 164

  105 expr: expr . '+' expr
  106     | expr . '-' expr
  107     | expr . '*' expr
  108     | expr . '/' expr
  109     | expr . '%' expr
  112     | expr . OP_LT expr
  113     | expr . OP_LE expr
  114     | expr . OP_GT expr
  115     | expr . OP_GE expr
  116     | expr . OP_NE expr
  117     | expr . OP_EQ expr
  118     | expr . OP_AND expr
  119     | expr . OP_OR expr
  129 expr_list: expr_list COMMA expr .

    OP_OR   偏移，並進入狀態 95
    OP_AND  偏移，並進入狀態 96
    OP_LT   偏移，並進入狀態 97
    OP_LE   偏移，並進入狀態 98
    OP_EQ   偏移，並進入狀態 99
    OP_GE   偏移，並進入狀態 100
    OP_GT   偏移，並進入狀態 101
    OP_NE   偏移，並進入狀態 102
    '+'     偏移，並進入狀態 103
    '-'     偏移，並進入狀態 104
    '*'     偏移，並進入狀態 105
    '/'     偏移，並進入狀態 106
    '%'     偏移，並進入狀態 107

    $預設  使用規則 129 以縮減 (expr_list)


狀態 165

   43 funct_decl: type scalar_id '(' args ')' . $@1 SEMICOLON

    $預設  使用規則 42 以縮減 ($@1)

    $@1  進入狀態 119


狀態 166

   51 funct_def: type scalar_id '(' args ')' . $@3 compound_stat

    $預設  使用規則 50 以縮減 ($@3)

    $@3  進入狀態 120


狀態 167

   92 jump_stat: KW_RETURN . expr SEMICOLON

    '('                偏移，並進入狀態 61
    OP_NOT             偏移，並進入狀態 62
    '-'                偏移，並進入狀態 63
    ID                 偏移，並進入狀態 18
    INTEGER_CONSTANT   偏移，並進入狀態 64
    FLOATING_CONSTANT  偏移，並進入狀態 65
    BOOLEAN_CONSTANT   偏移，並進入狀態 66
    STRING_CONSTANT    偏移，並進入狀態 67

    scalar_id         進入狀態 68
    literal_constant  進入狀態 69
    var_ref           進入狀態 70
    expr              進入狀態 190
    funct_call        進入狀態 72


狀態 168

   93 jump_stat: KW_BREAK . SEMICOLON

    SEMICOLON  偏移，並進入狀態 191


狀態 169

   94 jump_stat: KW_CONTINUE . SEMICOLON

    SEMICOLON  偏移，並進入狀態 192


狀態 170

   86 for_stat: KW_FOR . '(' for_expr SEMICOLON for_expr SEMICOLON for_expr ')' '{' zero_or_more_stat_list '}'

    '('  偏移，並進入狀態 193


狀態 171

   84 while_stat: KW_WHILE . '(' bool_expr ')' compound_stat

    '('  偏移，並進入狀態 194


狀態 172

   85 while_stat: KW_DO . compound_stat KW_WHILE '(' bool_expr ')' SEMICOLON

    '{'  偏移，並進入狀態 147

    compound_stat  進入狀態 195


狀態 173

   82 if_only_stat: KW_IF . '(' bool_expr ')' compound_stat
   83 if_else_stat: KW_IF . '(' bool_expr ')' compound_stat KW_ELSE compound_stat

    '('  偏移，並進入狀態 196


狀態 174

   96 simple_stat: KW_PRINT . expr SEMICOLON

    '('                偏移，並進入狀態 61
    OP_NOT             偏移，並進入狀態 62
    '-'                偏移，並進入狀態 63
    ID                 偏移，並進入狀態 18
    INTEGER_CONSTANT   偏移，並進入狀態 64
    FLOATING_CONSTANT  偏移，並進入狀態 65
    BOOLEAN_CONSTANT   偏移，並進入狀態 66
    STRING_CONSTANT    偏移，並進入狀態 67

    scalar_id         進入狀態 68
    literal_constant  進入狀態 69
    var_ref           進入狀態 70
    expr              進入狀態 197
    funct_call        進入狀態 72


狀態 175

   97 simple_stat: KW_READ . var_ref SEMICOLON

    ID  偏移，並進入狀態 18

    scalar_id  進入狀態 198
    var_ref    進入狀態 199


狀態 176

   73 stat: compound_stat .

    $預設  使用規則 73 以縮減 (stat)


狀態 177

   62 compound_stat: '{' local_decl_list zero_or_more_stat_list . '}'

    '}'  偏移，並進入狀態 200


狀態 178

   69 zero_or_more_stat_list: stat_list .
   71 stat_list: stat_list . stat

    KW_RETURN    偏移，並進入狀態 167
    KW_BREAK     偏移，並進入狀態 168
    KW_CONTINUE  偏移，並進入狀態 169
    KW_FOR       偏移，並進入狀態 170
    KW_WHILE     偏移，並進入狀態 171
    KW_DO        偏移，並進入狀態 172
    KW_IF        偏移，並進入狀態 173
    ID           偏移，並進入狀態 18
    KW_PRINT     偏移，並進入狀態 174
    KW_READ      偏移，並進入狀態 175
    '{'          偏移，並進入狀態 147

    $預設  使用規則 69 以縮減 (zero_or_more_stat_list)

    scalar_id      進入狀態 68
    compound_stat  進入狀態 176
    stat           進入狀態 201
    if_stat        進入狀態 180
    if_only_stat   進入狀態 181
    if_else_stat   進入狀態 182
    while_stat     進入狀態 183
    for_stat       進入狀態 184
    jump_stat      進入狀態 185
    simple_stat    進入狀態 186
    var_ref        進入狀態 187
    funct_call     進入狀態 188


狀態 179

   72 stat_list: stat .

    $預設  使用規則 72 以縮減 (stat_list)


狀態 180

   75 stat: if_stat .

    $預設  使用規則 75 以縮減 (stat)


狀態 181

   80 if_stat: if_only_stat .

    $預設  使用規則 80 以縮減 (if_stat)


狀態 182

   81 if_stat: if_else_stat .

    $預設  使用規則 81 以縮減 (if_stat)


狀態 183

   76 stat: while_stat .

    $預設  使用規則 76 以縮減 (stat)


狀態 184

   77 stat: for_stat .

    $預設  使用規則 77 以縮減 (stat)


狀態 185

   78 stat: jump_stat .

    $預設  使用規則 78 以縮減 (stat)


狀態 186

   74 stat: simple_stat .

    $預設  使用規則 74 以縮減 (stat)


狀態 187

   95 simple_stat: var_ref . ASSIGN expr SEMICOLON

    ASSIGN  偏移，並進入狀態 202


狀態 188

   79 stat: funct_call . SEMICOLON

    SEMICOLON  偏移，並進入狀態 203


狀態 189

   65 var_decl_list: var_decl_entry var_decl_list .

    $預設  使用規則 65 以縮減 (var_decl_list)


狀態 190

   92 jump_stat: KW_RETURN expr . SEMICOLON
  105 expr: expr . '+' expr
  106     | expr . '-' expr
  107     | expr . '*' expr
  108     | expr . '/' expr
  109     | expr . '%' expr
  112     | expr . OP_LT expr
  113     | expr . OP_LE expr
  114     | expr . OP_GT expr
  115     | expr . OP_GE expr
  116     | expr . OP_NE expr
  117     | expr . OP_EQ expr
  118     | expr . OP_AND expr
  119     | expr . OP_OR expr

    OP_OR      偏移，並進入狀態 95
    OP_AND     偏移，並進入狀態 96
    OP_LT      偏移，並進入狀態 97
    OP_LE      偏移，並進入狀態 98
    OP_EQ      偏移，並進入狀態 99
    OP_GE      偏移，並進入狀態 100
    OP_GT      偏移，並進入狀態 101
    OP_NE      偏移，並進入狀態 102
    '+'        偏移，並進入狀態 103
    '-'        偏移，並進入狀態 104
    '*'        偏移，並進入狀態 105
    '/'        偏移，並進入狀態 106
    '%'        偏移，並進入狀態 107
    SEMICOLON  偏移，並進入狀態 204


狀態 191

   93 jump_stat: KW_BREAK SEMICOLON .

    $預設  使用規則 93 以縮減 (jump_stat)


狀態 192

   94 jump_stat: KW_CONTINUE SEMICOLON .

    $預設  使用規則 94 以縮減 (jump_stat)


狀態 193

   86 for_stat: KW_FOR '(' . for_expr SEMICOLON for_expr SEMICOLON for_expr ')' '{' zero_or_more_stat_list '}'

    '('                偏移，並進入狀態 61
    OP_NOT             偏移，並進入狀態 62
    '-'                偏移，並進入狀態 63
    ID                 偏移，並進入狀態 18
    INTEGER_CONSTANT   偏移，並進入狀態 64
    FLOATING_CONSTANT  偏移，並進入狀態 65
    BOOLEAN_CONSTANT   偏移，並進入狀態 66
    STRING_CONSTANT    偏移，並進入狀態 67

    $預設  使用規則 89 以縮減 (for_expr)

    scalar_id                   進入狀態 68
    literal_constant            進入狀態 69
    for_expr                    進入狀態 205
    one_or_more_for_assignment  進入狀態 206
    var_ref                     進入狀態 207
    expr                        進入狀態 208
    funct_call                  進入狀態 72


狀態 194

   84 while_stat: KW_WHILE '(' . bool_expr ')' compound_stat

    '('                偏移，並進入狀態 61
    OP_NOT             偏移，並進入狀態 62
    '-'                偏移，並進入狀態 63
    ID                 偏移，並進入狀態 18
    INTEGER_CONSTANT   偏移，並進入狀態 64
    FLOATING_CONSTANT  偏移，並進入狀態 65
    BOOLEAN_CONSTANT   偏移，並進入狀態 66
    STRING_CONSTANT    偏移，並進入狀態 67

    scalar_id         進入狀態 68
    literal_constant  進入狀態 69
    var_ref           進入狀態 70
    bool_expr         進入狀態 209
    expr              進入狀態 210
    funct_call        進入狀態 72


狀態 195

   85 while_stat: KW_DO compound_stat . KW_WHILE '(' bool_expr ')' SEMICOLON

    KW_WHILE  偏移，並進入狀態 211


狀態 196

   82 if_only_stat: KW_IF '(' . bool_expr ')' compound_stat
   83 if_else_stat: KW_IF '(' . bool_expr ')' compound_stat KW_ELSE compound_stat

    '('                偏移，並進入狀態 61
    OP_NOT             偏移，並進入狀態 62
    '-'                偏移，並進入狀態 63
    ID                 偏移，並進入狀態 18
    INTEGER_CONSTANT   偏移，並進入狀態 64
    FLOATING_CONSTANT  偏移，並進入狀態 65
    BOOLEAN_CONSTANT   偏移，並進入狀態 66
    STRING_CONSTANT    偏移，並進入狀態 67

    scalar_id         進入狀態 68
    literal_constant  進入狀態 69
    var_ref           進入狀態 70
    bool_expr         進入狀態 212
    expr              進入狀態 210
    funct_call        進入狀態 72


狀態 197

   96 simple_stat: KW_PRINT expr . SEMICOLON
  105 expr: expr . '+' expr
  106     | expr . '-' expr
  107     | expr . '*' expr
  108     | expr . '/' expr
  109     | expr . '%' expr
  112     | expr . OP_LT expr
  113     | expr . OP_LE expr
  114     | expr . OP_GT expr
  115     | expr . OP_GE expr
  116     | expr . OP_NE expr
  117     | expr . OP_EQ expr
  118     | expr . OP_AND expr
  119     | expr . OP_OR expr

    OP_OR      偏移，並進入狀態 95
    OP_AND     偏移，並進入狀態 96
    OP_LT      偏移，並進入狀態 97
    OP_LE      偏移，並進入狀態 98
    OP_EQ      偏移，並進入狀態 99
    OP_GE      偏移，並進入狀態 100
    OP_GT      偏移，並進入狀態 101
    OP_NE      偏移，並進入狀態 102
    '+'        偏移，並進入狀態 103
    '-'        偏移，並進入狀態 104
    '*'        偏移，並進入狀態 105
    '/'        偏移，並進入狀態 106
    '%'        偏移，並進入狀態 107
    SEMICOLON  偏移，並進入狀態 213


狀態 198

   98 var_ref: scalar_id .
   99        | scalar_id . intexpr_array_indice

    '['  偏移，並進入狀態 91

    $預設  使用規則 98 以縮減 (var_ref)

    intexpr_array_indice         進入狀態 92
    intexpr_single_array_indice  進入狀態 93


狀態 199

   97 simple_stat: KW_READ var_ref . SEMICOLON

    SEMICOLON  偏移，並進入狀態 214


狀態 200

   62 compound_stat: '{' local_decl_list zero_or_more_stat_list '}' .

    $預設  使用規則 62 以縮減 (compound_stat)


狀態 201

   71 stat_list: stat_list stat .

    $預設  使用規則 71 以縮減 (stat_list)


狀態 202

   95 simple_stat: var_ref ASSIGN . expr SEMICOLON

    '('                偏移，並進入狀態 61
    OP_NOT             偏移，並進入狀態 62
    '-'                偏移，並進入狀態 63
    ID                 偏移，並進入狀態 18
    INTEGER_CONSTANT   偏移，並進入狀態 64
    FLOATING_CONSTANT  偏移，並進入狀態 65
    BOOLEAN_CONSTANT   偏移，並進入狀態 66
    STRING_CONSTANT    偏移，並進入狀態 67

    scalar_id         進入狀態 68
    literal_constant  進入狀態 69
    var_ref           進入狀態 70
    expr              進入狀態 215
    funct_call        進入狀態 72


狀態 203

   79 stat: funct_call SEMICOLON .

    $預設  使用規則 79 以縮減 (stat)


狀態 204

   92 jump_stat: KW_RETURN expr SEMICOLON .

    $預設  使用規則 92 以縮減 (jump_stat)


狀態 205

   86 for_stat: KW_FOR '(' for_expr . SEMICOLON for_expr SEMICOLON for_expr ')' '{' zero_or_more_stat_list '}'

    SEMICOLON  偏移，並進入狀態 216


狀態 206

   88 for_expr: one_or_more_for_assignment .
   91 one_or_more_for_assignment: one_or_more_for_assignment . COMMA var_ref ASSIGN expr

    COMMA  偏移，並進入狀態 217

    $預設  使用規則 88 以縮減 (for_expr)


狀態 207

   90 one_or_more_for_assignment: var_ref . ASSIGN expr
  123 expr: var_ref .

    ASSIGN  偏移，並進入狀態 218

    $預設  使用規則 123 以縮減 (expr)


狀態 208

   87 for_expr: expr .
  105 expr: expr . '+' expr
  106     | expr . '-' expr
  107     | expr . '*' expr
  108     | expr . '/' expr
  109     | expr . '%' expr
  112     | expr . OP_LT expr
  113     | expr . OP_LE expr
  114     | expr . OP_GT expr
  115     | expr . OP_GE expr
  116     | expr . OP_NE expr
  117     | expr . OP_EQ expr
  118     | expr . OP_AND expr
  119     | expr . OP_OR expr

    OP_OR   偏移，並進入狀態 95
    OP_AND  偏移，並進入狀態 96
    OP_LT   偏移，並進入狀態 97
    OP_LE   偏移，並進入狀態 98
    OP_EQ   偏移，並進入狀態 99
    OP_GE   偏移，並進入狀態 100
    OP_GT   偏移，並進入狀態 101
    OP_NE   偏移，並進入狀態 102
    '+'     偏移，並進入狀態 103
    '-'     偏移，並進入狀態 104
    '*'     偏移，並進入狀態 105
    '/'     偏移，並進入狀態 106
    '%'     偏移，並進入狀態 107

    $預設  使用規則 87 以縮減 (for_expr)


狀態 209

   84 while_stat: KW_WHILE '(' bool_expr . ')' compound_stat

    ')'  偏移，並進入狀態 219


狀態 210

  104 bool_expr: expr .
  105 expr: expr . '+' expr
  106     | expr . '-' expr
  107     | expr . '*' expr
  108     | expr . '/' expr
  109     | expr . '%' expr
  112     | expr . OP_LT expr
  113     | expr . OP_LE expr
  114     | expr . OP_GT expr
  115     | expr . OP_GE expr
  116     | expr . OP_NE expr
  117     | expr . OP_EQ expr
  118     | expr . OP_AND expr
  119     | expr . OP_OR expr

    OP_OR   偏移，並進入狀態 95
    OP_AND  偏移，並進入狀態 96
    OP_LT   偏移，並進入狀態 97
    OP_LE   偏移，並進入狀態 98
    OP_EQ   偏移，並進入狀態 99
    OP_GE   偏移，並進入狀態 100
    OP_GT   偏移，並進入狀態 101
    OP_NE   偏移，並進入狀態 102
    '+'     偏移，並進入狀態 103
    '-'     偏移，並進入狀態 104
    '*'     偏移，並進入狀態 105
    '/'     偏移，並進入狀態 106
    '%'     偏移，並進入狀態 107

    $預設  使用規則 104 以縮減 (bool_expr)


狀態 211

   85 while_stat: KW_DO compound_stat KW_WHILE . '(' bool_expr ')' SEMICOLON

    '('  偏移，並進入狀態 220


狀態 212

   82 if_only_stat: KW_IF '(' bool_expr . ')' compound_stat
   83 if_else_stat: KW_IF '(' bool_expr . ')' compound_stat KW_ELSE compound_stat

    ')'  偏移，並進入狀態 221


狀態 213

   96 simple_stat: KW_PRINT expr SEMICOLON .

    $預設  使用規則 96 以縮減 (simple_stat)


狀態 214

   97 simple_stat: KW_READ var_ref SEMICOLON .

    $預設  使用規則 97 以縮減 (simple_stat)


狀態 215

   95 simple_stat: var_ref ASSIGN expr . SEMICOLON
  105 expr: expr . '+' expr
  106     | expr . '-' expr
  107     | expr . '*' expr
  108     | expr . '/' expr
  109     | expr . '%' expr
  112     | expr . OP_LT expr
  113     | expr . OP_LE expr
  114     | expr . OP_GT expr
  115     | expr . OP_GE expr
  116     | expr . OP_NE expr
  117     | expr . OP_EQ expr
  118     | expr . OP_AND expr
  119     | expr . OP_OR expr

    OP_OR      偏移，並進入狀態 95
    OP_AND     偏移，並進入狀態 96
    OP_LT      偏移，並進入狀態 97
    OP_LE      偏移，並進入狀態 98
    OP_EQ      偏移，並進入狀態 99
    OP_GE      偏移，並進入狀態 100
    OP_GT      偏移，並進入狀態 101
    OP_NE      偏移，並進入狀態 102
    '+'        偏移，並進入狀態 103
    '-'        偏移，並進入狀態 104
    '*'        偏移，並進入狀態 105
    '/'        偏移，並進入狀態 106
    '%'        偏移，並進入狀態 107
    SEMICOLON  偏移，並進入狀態 222


狀態 216

   86 for_stat: KW_FOR '(' for_expr SEMICOLON . for_expr SEMICOLON for_expr ')' '{' zero_or_more_stat_list '}'

    '('                偏移，並進入狀態 61
    OP_NOT             偏移，並進入狀態 62
    '-'                偏移，並進入狀態 63
    ID                 偏移，並進入狀態 18
    INTEGER_CONSTANT   偏移，並進入狀態 64
    FLOATING_CONSTANT  偏移，並進入狀態 65
    BOOLEAN_CONSTANT   偏移，並進入狀態 66
    STRING_CONSTANT    偏移，並進入狀態 67

    $預設  使用規則 89 以縮減 (for_expr)

    scalar_id                   進入狀態 68
    literal_constant            進入狀態 69
    for_expr                    進入狀態 223
    one_or_more_for_assignment  進入狀態 206
    var_ref                     進入狀態 207
    expr                        進入狀態 208
    funct_call                  進入狀態 72


狀態 217

   91 one_or_more_for_assignment: one_or_more_for_assignment COMMA . var_ref ASSIGN expr

    ID  偏移，並進入狀態 18

    scalar_id  進入狀態 198
    var_ref    進入狀態 224


狀態 218

   90 one_or_more_for_assignment: var_ref ASSIGN . expr

    '('                偏移，並進入狀態 61
    OP_NOT             偏移，並進入狀態 62
    '-'                偏移，並進入狀態 63
    ID                 偏移，並進入狀態 18
    INTEGER_CONSTANT   偏移，並進入狀態 64
    FLOATING_CONSTANT  偏移，並進入狀態 65
    BOOLEAN_CONSTANT   偏移，並進入狀態 66
    STRING_CONSTANT    偏移，並進入狀態 67

    scalar_id         進入狀態 68
    literal_constant  進入狀態 69
    var_ref           進入狀態 70
    expr              進入狀態 225
    funct_call        進入狀態 72


狀態 219

   84 while_stat: KW_WHILE '(' bool_expr ')' . compound_stat

    '{'  偏移，並進入狀態 147

    compound_stat  進入狀態 226


狀態 220

   85 while_stat: KW_DO compound_stat KW_WHILE '(' . bool_expr ')' SEMICOLON

    '('                偏移，並進入狀態 61
    OP_NOT             偏移，並進入狀態 62
    '-'                偏移，並進入狀態 63
    ID                 偏移，並進入狀態 18
    INTEGER_CONSTANT   偏移，並進入狀態 64
    FLOATING_CONSTANT  偏移，並進入狀態 65
    BOOLEAN_CONSTANT   偏移，並進入狀態 66
    STRING_CONSTANT    偏移，並進入狀態 67

    scalar_id         進入狀態 68
    literal_constant  進入狀態 69
    var_ref           進入狀態 70
    bool_expr         進入狀態 227
    expr              進入狀態 210
    funct_call        進入狀態 72


狀態 221

   82 if_only_stat: KW_IF '(' bool_expr ')' . compound_stat
   83 if_else_stat: KW_IF '(' bool_expr ')' . compound_stat KW_ELSE compound_stat

    '{'  偏移，並進入狀態 147

    compound_stat  進入狀態 228


狀態 222

   95 simple_stat: var_ref ASSIGN expr SEMICOLON .

    $預設  使用規則 95 以縮減 (simple_stat)


狀態 223

   86 for_stat: KW_FOR '(' for_expr SEMICOLON for_expr . SEMICOLON for_expr ')' '{' zero_or_more_stat_list '}'

    SEMICOLON  偏移，並進入狀態 229


狀態 224

   91 one_or_more_for_assignment: one_or_more_for_assignment COMMA var_ref . ASSIGN expr

    ASSIGN  偏移，並進入狀態 230


狀態 225

   90 one_or_more_for_assignment: var_ref ASSIGN expr .
  105 expr: expr . '+' expr
  106     | expr . '-' expr
  107     | expr . '*' expr
  108     | expr . '/' expr
  109     | expr . '%' expr
  112     | expr . OP_LT expr
  113     | expr . OP_LE expr
  114     | expr . OP_GT expr
  115     | expr . OP_GE expr
  116     | expr . OP_NE expr
  117     | expr . OP_EQ expr
  118     | expr . OP_AND expr
  119     | expr . OP_OR expr

    OP_OR   偏移，並進入狀態 95
    OP_AND  偏移，並進入狀態 96
    OP_LT   偏移，並進入狀態 97
    OP_LE   偏移，並進入狀態 98
    OP_EQ   偏移，並進入狀態 99
    OP_GE   偏移，並進入狀態 100
    OP_GT   偏移，並進入狀態 101
    OP_NE   偏移，並進入狀態 102
    '+'     偏移，並進入狀態 103
    '-'     偏移，並進入狀態 104
    '*'     偏移，並進入狀態 105
    '/'     偏移，並進入狀態 106
    '%'     偏移，並進入狀態 107

    $預設  使用規則 90 以縮減 (one_or_more_for_assignment)


狀態 226

   84 while_stat: KW_WHILE '(' bool_expr ')' compound_stat .

    $預設  使用規則 84 以縮減 (while_stat)


狀態 227

   85 while_stat: KW_DO compound_stat KW_WHILE '(' bool_expr . ')' SEMICOLON

    ')'  偏移，並進入狀態 231


狀態 228

   82 if_only_stat: KW_IF '(' bool_expr ')' compound_stat .
   83 if_else_stat: KW_IF '(' bool_expr ')' compound_stat . KW_ELSE compound_stat

    KW_ELSE  偏移，並進入狀態 232

    $預設  使用規則 82 以縮減 (if_only_stat)


狀態 229

   86 for_stat: KW_FOR '(' for_expr SEMICOLON for_expr SEMICOLON . for_expr ')' '{' zero_or_more_stat_list '}'

    '('                偏移，並進入狀態 61
    OP_NOT             偏移，並進入狀態 62
    '-'                偏移，並進入狀態 63
    ID                 偏移，並進入狀態 18
    INTEGER_CONSTANT   偏移，並進入狀態 64
    FLOATING_CONSTANT  偏移，並進入狀態 65
    BOOLEAN_CONSTANT   偏移，並進入狀態 66
    STRING_CONSTANT    偏移，並進入狀態 67

    $預設  使用規則 89 以縮減 (for_expr)

    scalar_id                   進入狀態 68
    literal_constant            進入狀態 69
    for_expr                    進入狀態 233
    one_or_more_for_assignment  進入狀態 206
    var_ref                     進入狀態 207
    expr                        進入狀態 208
    funct_call                  進入狀態 72


狀態 230

   91 one_or_more_for_assignment: one_or_more_for_assignment COMMA var_ref ASSIGN . expr

    '('                偏移，並進入狀態 61
    OP_NOT             偏移，並進入狀態 62
    '-'                偏移，並進入狀態 63
    ID                 偏移，並進入狀態 18
    INTEGER_CONSTANT   偏移，並進入狀態 64
    FLOATING_CONSTANT  偏移，並進入狀態 65
    BOOLEAN_CONSTANT   偏移，並進入狀態 66
    STRING_CONSTANT    偏移，並進入狀態 67

    scalar_id         進入狀態 68
    literal_constant  進入狀態 69
    var_ref           進入狀態 70
    expr              進入狀態 234
    funct_call        進入狀態 72


狀態 231

   85 while_stat: KW_DO compound_stat KW_WHILE '(' bool_expr ')' . SEMICOLON

    SEMICOLON  偏移，並進入狀態 235


狀態 232

   83 if_else_stat: KW_IF '(' bool_expr ')' compound_stat KW_ELSE . compound_stat

    '{'  偏移，並進入狀態 147

    compound_stat  進入狀態 236


狀態 233

   86 for_stat: KW_FOR '(' for_expr SEMICOLON for_expr SEMICOLON for_expr . ')' '{' zero_or_more_stat_list '}'

    ')'  偏移，並進入狀態 237


狀態 234

   91 one_or_more_for_assignment: one_or_more_for_assignment COMMA var_ref ASSIGN expr .
  105 expr: expr . '+' expr
  106     | expr . '-' expr
  107     | expr . '*' expr
  108     | expr . '/' expr
  109     | expr . '%' expr
  112     | expr . OP_LT expr
  113     | expr . OP_LE expr
  114     | expr . OP_GT expr
  115     | expr . OP_GE expr
  116     | expr . OP_NE expr
  117     | expr . OP_EQ expr
  118     | expr . OP_AND expr
  119     | expr . OP_OR expr

    OP_OR   偏移，並進入狀態 95
    OP_AND  偏移，並進入狀態 96
    OP_LT   偏移，並進入狀態 97
    OP_LE   偏移，並進入狀態 98
    OP_EQ   偏移，並進入狀態 99
    OP_GE   偏移，並進入狀態 100
    OP_GT   偏移，並進入狀態 101
    OP_NE   偏移，並進入狀態 102
    '+'     偏移，並進入狀態 103
    '-'     偏移，並進入狀態 104
    '*'     偏移，並進入狀態 105
    '/'     偏移，並進入狀態 106
    '%'     偏移，並進入狀態 107

    $預設  使用規則 91 以縮減 (one_or_more_for_assignment)


狀態 235

   85 while_stat: KW_DO compound_stat KW_WHILE '(' bool_expr ')' SEMICOLON .

    $預設  使用規則 85 以縮減 (while_stat)


狀態 236

   83 if_else_stat: KW_IF '(' bool_expr ')' compound_stat KW_ELSE compound_stat .

    $預設  使用規則 83 以縮減 (if_else_stat)


狀態 237

   86 for_stat: KW_FOR '(' for_expr SEMICOLON for_expr SEMICOLON for_expr ')' . '{' zero_or_more_stat_list '}'

    '{'  偏移，並進入狀態 238


狀態 238

   86 for_stat: KW_FOR '(' for_expr SEMICOLON for_expr SEMICOLON for_expr ')' '{' . zero_or_more_stat_list '}'

    KW_RETURN    偏移，並進入狀態 167
    KW_BREAK     偏移，並進入狀態 168
    KW_CONTINUE  偏移，並進入狀態 169
    KW_FOR       偏移，並進入狀態 170
    KW_WHILE     偏移，並進入狀態 171
    KW_DO        偏移，並進入狀態 172
    KW_IF        偏移，並進入狀態 173
    ID           偏移，並進入狀態 18
    KW_PRINT     偏移，並進入狀態 174
    KW_READ      偏移，並進入狀態 175
    '{'          偏移，並進入狀態 147

    $預設  使用規則 70 以縮減 (zero_or_more_stat_list)

    scalar_id               進入狀態 68
    compound_stat           進入狀態 176
    zero_or_more_stat_list  進入狀態 239
    stat_list               進入狀態 178
    stat                    進入狀態 179
    if_stat                 進入狀態 180
    if_only_stat            進入狀態 181
    if_else_stat            進入狀態 182
    while_stat              進入狀態 183
    for_stat                進入狀態 184
    jump_stat               進入狀態 185
    simple_stat             進入狀態 186
    var_ref                 進入狀態 187
    funct_call              進入狀態 188


狀態 239

   86 for_stat: KW_FOR '(' for_expr SEMICOLON for_expr SEMICOLON for_expr ')' '{' zero_or_more_stat_list . '}'

    '}'  偏移，並進入狀態 240


狀態 240

   86 for_stat: KW_FOR '(' for_expr SEMICOLON for_expr SEMICOLON for_expr ')' '{' zero_or_more_stat_list '}' .

    $預設  使用規則 86 以縮減 (for_stat)
