終端機在文法中未使用

   ARITHMETIC_PARENTHESES
   LOWER_THEN_ARITHMETIC_PARENTHESES


文法

    0 $accept: program $end

    1 program: declaration_list funct_def decl_and_def_list
    2        | funct_def decl_and_def_list

    3 decl_and_def_list: decl_and_def_list declaration_list
    4                  | decl_and_def_list definition_list
    5                  | %empty

    6 declaration_list: declaration_list const_decl
    7                 | declaration_list var_decl
    8                 | declaration_list funct_decl
    9                 | const_decl
   10                 | var_decl
   11                 | funct_decl

   12 var_decl: type var_list SEMICOLON

   13 type: INT
   14     | BOOL
   15     | DOUBLE
   16     | FLOAT
   17     | STRING
   18     | VOID

   19 identifier: scalar_id
   20           | scalar_id array_indice

   21 var_list: var_entry
   22         | var_entry COMMA var_list

   23 var_entry: identifier
   24          | scalar_id ASSIGN expr
   25          | scalar_id array_indice ASSIGN '{' zero_or_more_expr_list '}'

   26 scalar_id: ID

   27 array_indice: single_array_indice array_indice
   28             | single_array_indice

   29 single_array_indice: '[' INTEGER_CONSTANT ']'

   30 const_decl: CONST type const_list SEMICOLON

   31 const_list: single_const
   32           | single_const COMMA const_list

   33 single_const: scalar_id ASSIGN literal_constant
   34             | scalar_id ASSIGN '-' literal_constant

   35 literal_constant: INTEGER_CONSTANT
   36                 | FLOATING_CONSTANT
   37                 | BOOLEAN_CONSTANT
   38                 | STRING_CONSTANT

   39 funct_decl: type scalar_id '(' args ')' SEMICOLON

   40 definition_list: definition_list funct_def
   41                | funct_def

   42 $@1: %empty

   43 funct_def: type scalar_id '(' args ')' $@1 compound_stat

   44 args: arg_list
   45     | %empty

   46 single_arg: type identifier
   47           | CONST type identifier

   48 arg_list: arg_list COMMA single_arg
   49         | single_arg

   50 $@2: %empty

   51 compound_stat: '{' $@2 local_decl_list zero_or_more_stat_list '}'

   52 local_decl_list: var_decl_list
   53                | %empty

   54 var_decl_list: var_decl_entry var_decl_list
   55              | var_decl_entry

   56 var_decl_entry: var_decl
   57               | const_decl

   58 zero_or_more_stat_list: stat_list
   59                       | %empty

   60 stat_list: stat_list stat
   61          | stat

   62 stat: compound_stat
   63     | simple_stat
   64     | if_stat
   65     | while_stat
   66     | for_stat
   67     | jump_stat
   68     | funct_call SEMICOLON

   69 if_stat: if_only_stat
   70        | if_else_stat

   71 if_only_stat: KW_IF '(' bool_expr ')' compound_stat

   72 if_else_stat: KW_IF '(' bool_expr ')' compound_stat KW_ELSE compound_stat

   73 $@3: %empty

   74 while_stat: KW_WHILE $@3 '(' bool_expr ')' compound_stat

   75 $@4: %empty

   76 while_stat: KW_DO $@4 compound_stat KW_WHILE '(' bool_expr ')' SEMICOLON

   77 $@5: %empty

   78 for_stat: KW_FOR $@5 '(' for_expr SEMICOLON for_bool_expr SEMICOLON for_expr ')' compound_stat

   79 for_bool_expr: bool_expr
   80              | %empty

   81 for_expr: expr
   82         | one_or_more_for_assignment
   83         | %empty

   84 single_assginment: var_ref ASSIGN expr

   85 one_or_more_for_assignment: single_assginment
   86                           | one_or_more_for_assignment COMMA single_assginment

   87 jump_stat: KW_RETURN expr SEMICOLON
   88          | KW_BREAK SEMICOLON
   89          | KW_CONTINUE SEMICOLON

   90 simple_stat: single_assginment SEMICOLON
   91            | KW_PRINT expr SEMICOLON
   92            | KW_READ var_ref SEMICOLON

   93 var_ref: scalar_id
   94        | scalar_id intexpr_array_indice

   95 intexpr_array_indice: intexpr_single_array_indice intexpr_array_indice
   96                     | intexpr_single_array_indice

   97 intexpr_single_array_indice: '[' expr ']'

   98 bool_expr: expr

   99 relation_op: OP_LT
  100            | OP_LE
  101            | OP_GT
  102            | OP_GE
  103            | OP_NE
  104            | OP_EQ

  105 binary_logic_op: OP_AND
  106                | OP_OR

  107 expr: expr '+' expr
  108     | expr '-' expr
  109     | expr '*' expr
  110     | expr '/' expr
  111     | expr '%' expr
  112     | '-' expr
  113     | '(' expr ')'
  114     | expr relation_op expr
  115     | expr binary_logic_op expr
  116     | OP_NOT expr
  117     | literal_constant
  118     | funct_call
  119     | var_ref

  120 funct_call: scalar_id '(' zero_or_more_expr_list ')'

  121 zero_or_more_expr_list: expr_list
  122                       | %empty

  123 expr_list: expr
  124          | expr_list COMMA expr


終結語詞，附有它們出現處的規則

$end (0) 0
'%' (37) 111
'(' (40) 39 43 71 72 74 76 78 113 120
')' (41) 39 43 71 72 74 76 78 113 120
'*' (42) 109
'+' (43) 107
'-' (45) 34 108 112
'/' (47) 110
'[' (91) 29 97
']' (93) 29 97
'{' (123) 25 51
'}' (125) 25 51
error (256)
INT (258) 13
BOOL (259) 14
FLOAT (260) 16
DOUBLE (261) 15
STRING (262) 17
CONST (263) 30 47
VOID (264) 18
END (265)
LESS_THAN_ELSE (266)
KW_ELSE (267) 72
ARITHMETIC_PARENTHESES (268)
LOWER_THEN_ARITHMETIC_PARENTHESES (269)
OP_OR (270) 106
OP_AND (271) 105
OP_NOT (272) 116
OP_LT (273) 99
OP_LE (274) 100
OP_EQ (275) 104
OP_GE (276) 102
OP_GT (277) 101
OP_NE (278) 103
KW_RETURN (279) 87
KW_BREAK (280) 88
KW_CONTINUE (281) 89
KW_FOR (282) 78
KW_WHILE (283) 74 76
KW_DO (284) 76
KW_IF (285) 71 72
SEMICOLON (286) 12 30 39 68 76 78 87 88 89 90 91 92
ID (287) 26
ASSIGN (288) 24 25 33 34 84
COMMA (289) 22 32 48 86 124
KW_PRINT (290) 91
KW_READ (291) 92
INTEGER_CONSTANT (292) 29 35
FLOATING_CONSTANT (293) 36
BOOLEAN_CONSTANT (294) 37
STRING_CONSTANT (295) 38


非終結語詞，附有它們出現處的規則

$accept (52)
    於左側： 0
program (53)
    於左側： 1 2,於右側： 0
decl_and_def_list (54)
    於左側： 3 4 5,於右側： 1 2 3 4
declaration_list (55)
    於左側： 6 7 8 9 10 11,於右側： 1 3 6 7 8
var_decl (56)
    於左側： 12,於右側： 7 10 56
type (57)
    於左側： 13 14 15 16 17 18,於右側： 12 30 39 43 46 47
identifier (58)
    於左側： 19 20,於右側： 23 46 47
var_list (59)
    於左側： 21 22,於右側： 12 22
var_entry (60)
    於左側： 23 24 25,於右側： 21 22
scalar_id (61)
    於左側： 26,於右側： 19 20 24 25 33 34 39 43 93 94 120
array_indice (62)
    於左側： 27 28,於右側： 20 25 27
single_array_indice (63)
    於左側： 29,於右側： 27 28
const_decl (64)
    於左側： 30,於右側： 6 9 57
const_list (65)
    於左側： 31 32,於右側： 30 32
single_const (66)
    於左側： 33 34,於右側： 31 32
literal_constant (67)
    於左側： 35 36 37 38,於右側： 33 34 117
funct_decl (68)
    於左側： 39,於右側： 8 11
definition_list (69)
    於左側： 40 41,於右側： 4 40
funct_def (70)
    於左側： 43,於右側： 1 2 40 41
$@1 (71)
    於左側： 42,於右側： 43
args (72)
    於左側： 44 45,於右側： 39 43
single_arg (73)
    於左側： 46 47,於右側： 48 49
arg_list (74)
    於左側： 48 49,於右側： 44 48
compound_stat (75)
    於左側： 51,於右側： 43 62 71 72 74 76 78
$@2 (76)
    於左側： 50,於右側： 51
local_decl_list (77)
    於左側： 52 53,於右側： 51
var_decl_list (78)
    於左側： 54 55,於右側： 52 54
var_decl_entry (79)
    於左側： 56 57,於右側： 54 55
zero_or_more_stat_list (80)
    於左側： 58 59,於右側： 51
stat_list (81)
    於左側： 60 61,於右側： 58 60
stat (82)
    於左側： 62 63 64 65 66 67 68,於右側： 60 61
if_stat (83)
    於左側： 69 70,於右側： 64
if_only_stat (84)
    於左側： 71,於右側： 69
if_else_stat (85)
    於左側： 72,於右側： 70
while_stat (86)
    於左側： 74 76,於右側： 65
$@3 (87)
    於左側： 73,於右側： 74
$@4 (88)
    於左側： 75,於右側： 76
for_stat (89)
    於左側： 78,於右側： 66
$@5 (90)
    於左側： 77,於右側： 78
for_bool_expr (91)
    於左側： 79 80,於右側： 78
for_expr (92)
    於左側： 81 82 83,於右側： 78
single_assginment (93)
    於左側： 84,於右側： 85 86 90
one_or_more_for_assignment (94)
    於左側： 85 86,於右側： 82 86
jump_stat (95)
    於左側： 87 88 89,於右側： 67
simple_stat (96)
    於左側： 90 91 92,於右側： 63
var_ref (97)
    於左側： 93 94,於右側： 84 92 119
intexpr_array_indice (98)
    於左側： 95 96,於右側： 94 95
intexpr_single_array_indice (99)
    於左側： 97,於右側： 95 96
bool_expr (100)
    於左側： 98,於右側： 71 72 74 76 79
relation_op (101)
    於左側： 99 100 101 102 103 104,於右側： 114
binary_logic_op (102)
    於左側： 105 106,於右側： 115
expr (103)
    於左側： 107 108 109 110 111 112 113 114 115 116 117 118 119,
   於右側： 24 81 84 87 91 97 98 107 108 109 110 111 112 113 114
    115 116 123 124
funct_call (104)
    於左側： 120,於右側： 68 118
zero_or_more_expr_list (105)
    於左側： 121 122,於右側： 25 120
expr_list (106)
    於左側： 123 124,於右側： 121 124


狀態 0

    0 $accept: . program $end

    INT     偏移，並進入狀態 1
    BOOL    偏移，並進入狀態 2
    FLOAT   偏移，並進入狀態 3
    DOUBLE  偏移，並進入狀態 4
    STRING  偏移，並進入狀態 5
    CONST   偏移，並進入狀態 6
    VOID    偏移，並進入狀態 7

    program           進入狀態 8
    declaration_list  進入狀態 9
    var_decl          進入狀態 10
    type              進入狀態 11
    const_decl        進入狀態 12
    funct_decl        進入狀態 13
    funct_def         進入狀態 14


狀態 1

   13 type: INT .

    $預設  使用規則 13 以縮減 (type)


狀態 2

   14 type: BOOL .

    $預設  使用規則 14 以縮減 (type)


狀態 3

   16 type: FLOAT .

    $預設  使用規則 16 以縮減 (type)


狀態 4

   15 type: DOUBLE .

    $預設  使用規則 15 以縮減 (type)


狀態 5

   17 type: STRING .

    $預設  使用規則 17 以縮減 (type)


狀態 6

   30 const_decl: CONST . type const_list SEMICOLON

    INT     偏移，並進入狀態 1
    BOOL    偏移，並進入狀態 2
    FLOAT   偏移，並進入狀態 3
    DOUBLE  偏移，並進入狀態 4
    STRING  偏移，並進入狀態 5
    VOID    偏移，並進入狀態 7

    type  進入狀態 15


狀態 7

   18 type: VOID .

    $預設  使用規則 18 以縮減 (type)


狀態 8

    0 $accept: program . $end

    $end  偏移，並進入狀態 16


狀態 9

    1 program: declaration_list . funct_def decl_and_def_list
    6 declaration_list: declaration_list . const_decl
    7                 | declaration_list . var_decl
    8                 | declaration_list . funct_decl

    INT     偏移，並進入狀態 1
    BOOL    偏移，並進入狀態 2
    FLOAT   偏移，並進入狀態 3
    DOUBLE  偏移，並進入狀態 4
    STRING  偏移，並進入狀態 5
    CONST   偏移，並進入狀態 6
    VOID    偏移，並進入狀態 7

    var_decl    進入狀態 17
    type        進入狀態 11
    const_decl  進入狀態 18
    funct_decl  進入狀態 19
    funct_def   進入狀態 20


狀態 10

   10 declaration_list: var_decl .

    $預設  使用規則 10 以縮減 (declaration_list)


狀態 11

   12 var_decl: type . var_list SEMICOLON
   39 funct_decl: type . scalar_id '(' args ')' SEMICOLON
   43 funct_def: type . scalar_id '(' args ')' $@1 compound_stat

    ID  偏移，並進入狀態 21

    identifier  進入狀態 22
    var_list    進入狀態 23
    var_entry   進入狀態 24
    scalar_id   進入狀態 25


狀態 12

    9 declaration_list: const_decl .

    $預設  使用規則 9 以縮減 (declaration_list)


狀態 13

   11 declaration_list: funct_decl .

    $預設  使用規則 11 以縮減 (declaration_list)


狀態 14

    2 program: funct_def . decl_and_def_list

    $預設  使用規則 5 以縮減 (decl_and_def_list)

    decl_and_def_list  進入狀態 26


狀態 15

   30 const_decl: CONST type . const_list SEMICOLON

    ID  偏移，並進入狀態 21

    scalar_id     進入狀態 27
    const_list    進入狀態 28
    single_const  進入狀態 29


狀態 16

    0 $accept: program $end .

    $預設  接受


狀態 17

    7 declaration_list: declaration_list var_decl .

    $預設  使用規則 7 以縮減 (declaration_list)


狀態 18

    6 declaration_list: declaration_list const_decl .

    $預設  使用規則 6 以縮減 (declaration_list)


狀態 19

    8 declaration_list: declaration_list funct_decl .

    $預設  使用規則 8 以縮減 (declaration_list)


狀態 20

    1 program: declaration_list funct_def . decl_and_def_list

    $預設  使用規則 5 以縮減 (decl_and_def_list)

    decl_and_def_list  進入狀態 30


狀態 21

   26 scalar_id: ID .

    $預設  使用規則 26 以縮減 (scalar_id)


狀態 22

   23 var_entry: identifier .

    $預設  使用規則 23 以縮減 (var_entry)


狀態 23

   12 var_decl: type var_list . SEMICOLON

    SEMICOLON  偏移，並進入狀態 31


狀態 24

   21 var_list: var_entry .
   22         | var_entry . COMMA var_list

    COMMA  偏移，並進入狀態 32

    $預設  使用規則 21 以縮減 (var_list)


狀態 25

   19 identifier: scalar_id .
   20           | scalar_id . array_indice
   24 var_entry: scalar_id . ASSIGN expr
   25          | scalar_id . array_indice ASSIGN '{' zero_or_more_expr_list '}'
   39 funct_decl: type scalar_id . '(' args ')' SEMICOLON
   43 funct_def: type scalar_id . '(' args ')' $@1 compound_stat

    '('     偏移，並進入狀態 33
    ASSIGN  偏移，並進入狀態 34
    '['     偏移，並進入狀態 35

    $預設  使用規則 19 以縮減 (identifier)

    array_indice         進入狀態 36
    single_array_indice  進入狀態 37


狀態 26

    2 program: funct_def decl_and_def_list .
    3 decl_and_def_list: decl_and_def_list . declaration_list
    4                  | decl_and_def_list . definition_list

    INT     偏移，並進入狀態 1
    BOOL    偏移，並進入狀態 2
    FLOAT   偏移，並進入狀態 3
    DOUBLE  偏移，並進入狀態 4
    STRING  偏移，並進入狀態 5
    CONST   偏移，並進入狀態 6
    VOID    偏移，並進入狀態 7

    $預設  使用規則 2 以縮減 (program)

    declaration_list  進入狀態 38
    var_decl          進入狀態 10
    type              進入狀態 11
    const_decl        進入狀態 12
    funct_decl        進入狀態 13
    definition_list   進入狀態 39
    funct_def         進入狀態 40


狀態 27

   33 single_const: scalar_id . ASSIGN literal_constant
   34             | scalar_id . ASSIGN '-' literal_constant

    ASSIGN  偏移，並進入狀態 41


狀態 28

   30 const_decl: CONST type const_list . SEMICOLON

    SEMICOLON  偏移，並進入狀態 42


狀態 29

   31 const_list: single_const .
   32           | single_const . COMMA const_list

    COMMA  偏移，並進入狀態 43

    $預設  使用規則 31 以縮減 (const_list)


狀態 30

    1 program: declaration_list funct_def decl_and_def_list .
    3 decl_and_def_list: decl_and_def_list . declaration_list
    4                  | decl_and_def_list . definition_list

    INT     偏移，並進入狀態 1
    BOOL    偏移，並進入狀態 2
    FLOAT   偏移，並進入狀態 3
    DOUBLE  偏移，並進入狀態 4
    STRING  偏移，並進入狀態 5
    CONST   偏移，並進入狀態 6
    VOID    偏移，並進入狀態 7

    $預設  使用規則 1 以縮減 (program)

    declaration_list  進入狀態 38
    var_decl          進入狀態 10
    type              進入狀態 11
    const_decl        進入狀態 12
    funct_decl        進入狀態 13
    definition_list   進入狀態 39
    funct_def         進入狀態 40


狀態 31

   12 var_decl: type var_list SEMICOLON .

    $預設  使用規則 12 以縮減 (var_decl)


狀態 32

   22 var_list: var_entry COMMA . var_list

    ID  偏移，並進入狀態 21

    identifier  進入狀態 22
    var_list    進入狀態 44
    var_entry   進入狀態 24
    scalar_id   進入狀態 45


狀態 33

   39 funct_decl: type scalar_id '(' . args ')' SEMICOLON
   43 funct_def: type scalar_id '(' . args ')' $@1 compound_stat

    INT     偏移，並進入狀態 1
    BOOL    偏移，並進入狀態 2
    FLOAT   偏移，並進入狀態 3
    DOUBLE  偏移，並進入狀態 4
    STRING  偏移，並進入狀態 5
    CONST   偏移，並進入狀態 46
    VOID    偏移，並進入狀態 7

    $預設  使用規則 45 以縮減 (args)

    type        進入狀態 47
    args        進入狀態 48
    single_arg  進入狀態 49
    arg_list    進入狀態 50


狀態 34

   24 var_entry: scalar_id ASSIGN . expr

    '('                偏移，並進入狀態 51
    OP_NOT             偏移，並進入狀態 52
    '-'                偏移，並進入狀態 53
    ID                 偏移，並進入狀態 21
    INTEGER_CONSTANT   偏移，並進入狀態 54
    FLOATING_CONSTANT  偏移，並進入狀態 55
    BOOLEAN_CONSTANT   偏移，並進入狀態 56
    STRING_CONSTANT    偏移，並進入狀態 57

    scalar_id         進入狀態 58
    literal_constant  進入狀態 59
    var_ref           進入狀態 60
    expr              進入狀態 61
    funct_call        進入狀態 62


狀態 35

   29 single_array_indice: '[' . INTEGER_CONSTANT ']'

    INTEGER_CONSTANT  偏移，並進入狀態 63


狀態 36

   20 identifier: scalar_id array_indice .
   25 var_entry: scalar_id array_indice . ASSIGN '{' zero_or_more_expr_list '}'

    ASSIGN  偏移，並進入狀態 64

    $預設  使用規則 20 以縮減 (identifier)


狀態 37

   27 array_indice: single_array_indice . array_indice
   28             | single_array_indice .

    '['  偏移，並進入狀態 35

    $預設  使用規則 28 以縮減 (array_indice)

    array_indice         進入狀態 65
    single_array_indice  進入狀態 37


狀態 38

    3 decl_and_def_list: decl_and_def_list declaration_list .
    6 declaration_list: declaration_list . const_decl
    7                 | declaration_list . var_decl
    8                 | declaration_list . funct_decl

    $預設  使用規則 3 以縮減 (decl_and_def_list)

    var_decl    進入狀態 17
    type        進入狀態 66
    const_decl  進入狀態 18
    funct_decl  進入狀態 19


狀態 39

    4 decl_and_def_list: decl_and_def_list definition_list .
   40 definition_list: definition_list . funct_def

    $預設  使用規則 4 以縮減 (decl_and_def_list)

    type       進入狀態 67
    funct_def  進入狀態 68


狀態 40

   41 definition_list: funct_def .

    $預設  使用規則 41 以縮減 (definition_list)


狀態 41

   33 single_const: scalar_id ASSIGN . literal_constant
   34             | scalar_id ASSIGN . '-' literal_constant

    '-'                偏移，並進入狀態 69
    INTEGER_CONSTANT   偏移，並進入狀態 54
    FLOATING_CONSTANT  偏移，並進入狀態 55
    BOOLEAN_CONSTANT   偏移，並進入狀態 56
    STRING_CONSTANT    偏移，並進入狀態 57

    literal_constant  進入狀態 70


狀態 42

   30 const_decl: CONST type const_list SEMICOLON .

    $預設  使用規則 30 以縮減 (const_decl)


狀態 43

   32 const_list: single_const COMMA . const_list

    ID  偏移，並進入狀態 21

    scalar_id     進入狀態 27
    const_list    進入狀態 71
    single_const  進入狀態 29


狀態 44

   22 var_list: var_entry COMMA var_list .

    $預設  使用規則 22 以縮減 (var_list)


狀態 45

   19 identifier: scalar_id .
   20           | scalar_id . array_indice
   24 var_entry: scalar_id . ASSIGN expr
   25          | scalar_id . array_indice ASSIGN '{' zero_or_more_expr_list '}'

    ASSIGN  偏移，並進入狀態 34
    '['     偏移，並進入狀態 35

    $預設  使用規則 19 以縮減 (identifier)

    array_indice         進入狀態 36
    single_array_indice  進入狀態 37


狀態 46

   47 single_arg: CONST . type identifier

    INT     偏移，並進入狀態 1
    BOOL    偏移，並進入狀態 2
    FLOAT   偏移，並進入狀態 3
    DOUBLE  偏移，並進入狀態 4
    STRING  偏移，並進入狀態 5
    VOID    偏移，並進入狀態 7

    type  進入狀態 72


狀態 47

   46 single_arg: type . identifier

    ID  偏移，並進入狀態 21

    identifier  進入狀態 73
    scalar_id   進入狀態 74


狀態 48

   39 funct_decl: type scalar_id '(' args . ')' SEMICOLON
   43 funct_def: type scalar_id '(' args . ')' $@1 compound_stat

    ')'  偏移，並進入狀態 75


狀態 49

   49 arg_list: single_arg .

    $預設  使用規則 49 以縮減 (arg_list)


狀態 50

   44 args: arg_list .
   48 arg_list: arg_list . COMMA single_arg

    COMMA  偏移，並進入狀態 76

    $預設  使用規則 44 以縮減 (args)


狀態 51

  113 expr: '(' . expr ')'

    '('                偏移，並進入狀態 51
    OP_NOT             偏移，並進入狀態 52
    '-'                偏移，並進入狀態 53
    ID                 偏移，並進入狀態 21
    INTEGER_CONSTANT   偏移，並進入狀態 54
    FLOATING_CONSTANT  偏移，並進入狀態 55
    BOOLEAN_CONSTANT   偏移，並進入狀態 56
    STRING_CONSTANT    偏移，並進入狀態 57

    scalar_id         進入狀態 58
    literal_constant  進入狀態 59
    var_ref           進入狀態 60
    expr              進入狀態 77
    funct_call        進入狀態 62


狀態 52

  116 expr: OP_NOT . expr

    '('                偏移，並進入狀態 51
    OP_NOT             偏移，並進入狀態 52
    '-'                偏移，並進入狀態 53
    ID                 偏移，並進入狀態 21
    INTEGER_CONSTANT   偏移，並進入狀態 54
    FLOATING_CONSTANT  偏移，並進入狀態 55
    BOOLEAN_CONSTANT   偏移，並進入狀態 56
    STRING_CONSTANT    偏移，並進入狀態 57

    scalar_id         進入狀態 58
    literal_constant  進入狀態 59
    var_ref           進入狀態 60
    expr              進入狀態 78
    funct_call        進入狀態 62


狀態 53

  112 expr: '-' . expr

    '('                偏移，並進入狀態 51
    OP_NOT             偏移，並進入狀態 52
    '-'                偏移，並進入狀態 53
    ID                 偏移，並進入狀態 21
    INTEGER_CONSTANT   偏移，並進入狀態 54
    FLOATING_CONSTANT  偏移，並進入狀態 55
    BOOLEAN_CONSTANT   偏移，並進入狀態 56
    STRING_CONSTANT    偏移，並進入狀態 57

    scalar_id         進入狀態 58
    literal_constant  進入狀態 59
    var_ref           進入狀態 60
    expr              進入狀態 79
    funct_call        進入狀態 62


狀態 54

   35 literal_constant: INTEGER_CONSTANT .

    $預設  使用規則 35 以縮減 (literal_constant)


狀態 55

   36 literal_constant: FLOATING_CONSTANT .

    $預設  使用規則 36 以縮減 (literal_constant)


狀態 56

   37 literal_constant: BOOLEAN_CONSTANT .

    $預設  使用規則 37 以縮減 (literal_constant)


狀態 57

   38 literal_constant: STRING_CONSTANT .

    $預設  使用規則 38 以縮減 (literal_constant)


狀態 58

   93 var_ref: scalar_id .
   94        | scalar_id . intexpr_array_indice
  120 funct_call: scalar_id . '(' zero_or_more_expr_list ')'

    '('  偏移，並進入狀態 80
    '['  偏移，並進入狀態 81

    $預設  使用規則 93 以縮減 (var_ref)

    intexpr_array_indice         進入狀態 82
    intexpr_single_array_indice  進入狀態 83


狀態 59

  117 expr: literal_constant .

    $預設  使用規則 117 以縮減 (expr)


狀態 60

  119 expr: var_ref .

    $預設  使用規則 119 以縮減 (expr)


狀態 61

   24 var_entry: scalar_id ASSIGN expr .
  107 expr: expr . '+' expr
  108     | expr . '-' expr
  109     | expr . '*' expr
  110     | expr . '/' expr
  111     | expr . '%' expr
  114     | expr . relation_op expr
  115     | expr . binary_logic_op expr

    OP_OR   偏移，並進入狀態 84
    OP_AND  偏移，並進入狀態 85
    OP_LT   偏移，並進入狀態 86
    OP_LE   偏移，並進入狀態 87
    OP_EQ   偏移，並進入狀態 88
    OP_GE   偏移，並進入狀態 89
    OP_GT   偏移，並進入狀態 90
    OP_NE   偏移，並進入狀態 91
    '+'     偏移，並進入狀態 92
    '-'     偏移，並進入狀態 93
    '*'     偏移，並進入狀態 94
    '/'     偏移，並進入狀態 95
    '%'     偏移，並進入狀態 96

    $預設  使用規則 24 以縮減 (var_entry)

    relation_op      進入狀態 97
    binary_logic_op  進入狀態 98


狀態 62

  118 expr: funct_call .

    $預設  使用規則 118 以縮減 (expr)


狀態 63

   29 single_array_indice: '[' INTEGER_CONSTANT . ']'

    ']'  偏移，並進入狀態 99


狀態 64

   25 var_entry: scalar_id array_indice ASSIGN . '{' zero_or_more_expr_list '}'

    '{'  偏移，並進入狀態 100


狀態 65

   27 array_indice: single_array_indice array_indice .

    $預設  使用規則 27 以縮減 (array_indice)


狀態 66

   12 var_decl: type . var_list SEMICOLON
   39 funct_decl: type . scalar_id '(' args ')' SEMICOLON

    ID  偏移，並進入狀態 21

    identifier  進入狀態 22
    var_list    進入狀態 23
    var_entry   進入狀態 24
    scalar_id   進入狀態 101


狀態 67

   43 funct_def: type . scalar_id '(' args ')' $@1 compound_stat

    ID  偏移，並進入狀態 21

    scalar_id  進入狀態 102


狀態 68

   40 definition_list: definition_list funct_def .

    $預設  使用規則 40 以縮減 (definition_list)


狀態 69

   34 single_const: scalar_id ASSIGN '-' . literal_constant

    INTEGER_CONSTANT   偏移，並進入狀態 54
    FLOATING_CONSTANT  偏移，並進入狀態 55
    BOOLEAN_CONSTANT   偏移，並進入狀態 56
    STRING_CONSTANT    偏移，並進入狀態 57

    literal_constant  進入狀態 103


狀態 70

   33 single_const: scalar_id ASSIGN literal_constant .

    $預設  使用規則 33 以縮減 (single_const)


狀態 71

   32 const_list: single_const COMMA const_list .

    $預設  使用規則 32 以縮減 (const_list)


狀態 72

   47 single_arg: CONST type . identifier

    ID  偏移，並進入狀態 21

    identifier  進入狀態 104
    scalar_id   進入狀態 74


狀態 73

   46 single_arg: type identifier .

    $預設  使用規則 46 以縮減 (single_arg)


狀態 74

   19 identifier: scalar_id .
   20           | scalar_id . array_indice

    '['  偏移，並進入狀態 35

    $預設  使用規則 19 以縮減 (identifier)

    array_indice         進入狀態 105
    single_array_indice  進入狀態 37


狀態 75

   39 funct_decl: type scalar_id '(' args ')' . SEMICOLON
   43 funct_def: type scalar_id '(' args ')' . $@1 compound_stat

    SEMICOLON  偏移，並進入狀態 106

    $預設  使用規則 42 以縮減 ($@1)

    $@1  進入狀態 107


狀態 76

   48 arg_list: arg_list COMMA . single_arg

    INT     偏移，並進入狀態 1
    BOOL    偏移，並進入狀態 2
    FLOAT   偏移，並進入狀態 3
    DOUBLE  偏移，並進入狀態 4
    STRING  偏移，並進入狀態 5
    CONST   偏移，並進入狀態 46
    VOID    偏移，並進入狀態 7

    type        進入狀態 47
    single_arg  進入狀態 108


狀態 77

  107 expr: expr . '+' expr
  108     | expr . '-' expr
  109     | expr . '*' expr
  110     | expr . '/' expr
  111     | expr . '%' expr
  113     | '(' expr . ')'
  114     | expr . relation_op expr
  115     | expr . binary_logic_op expr

    ')'     偏移，並進入狀態 109
    OP_OR   偏移，並進入狀態 84
    OP_AND  偏移，並進入狀態 85
    OP_LT   偏移，並進入狀態 86
    OP_LE   偏移，並進入狀態 87
    OP_EQ   偏移，並進入狀態 88
    OP_GE   偏移，並進入狀態 89
    OP_GT   偏移，並進入狀態 90
    OP_NE   偏移，並進入狀態 91
    '+'     偏移，並進入狀態 92
    '-'     偏移，並進入狀態 93
    '*'     偏移，並進入狀態 94
    '/'     偏移，並進入狀態 95
    '%'     偏移，並進入狀態 96

    relation_op      進入狀態 97
    binary_logic_op  進入狀態 98


狀態 78

  107 expr: expr . '+' expr
  108     | expr . '-' expr
  109     | expr . '*' expr
  110     | expr . '/' expr
  111     | expr . '%' expr
  114     | expr . relation_op expr
  115     | expr . binary_logic_op expr
  116     | OP_NOT expr .

    OP_LT  偏移，並進入狀態 86
    OP_LE  偏移，並進入狀態 87
    OP_EQ  偏移，並進入狀態 88
    OP_GE  偏移，並進入狀態 89
    OP_GT  偏移，並進入狀態 90
    OP_NE  偏移，並進入狀態 91
    '+'    偏移，並進入狀態 92
    '-'    偏移，並進入狀態 93
    '*'    偏移，並進入狀態 94
    '/'    偏移，並進入狀態 95
    '%'    偏移，並進入狀態 96

    $預設  使用規則 116 以縮減 (expr)

    relation_op      進入狀態 97
    binary_logic_op  進入狀態 98


狀態 79

  107 expr: expr . '+' expr
  108     | expr . '-' expr
  109     | expr . '*' expr
  110     | expr . '/' expr
  111     | expr . '%' expr
  112     | '-' expr .
  114     | expr . relation_op expr
  115     | expr . binary_logic_op expr

    $預設  使用規則 112 以縮減 (expr)

    relation_op      進入狀態 97
    binary_logic_op  進入狀態 98


狀態 80

  120 funct_call: scalar_id '(' . zero_or_more_expr_list ')'

    '('                偏移，並進入狀態 51
    OP_NOT             偏移，並進入狀態 52
    '-'                偏移，並進入狀態 53
    ID                 偏移，並進入狀態 21
    INTEGER_CONSTANT   偏移，並進入狀態 54
    FLOATING_CONSTANT  偏移，並進入狀態 55
    BOOLEAN_CONSTANT   偏移，並進入狀態 56
    STRING_CONSTANT    偏移，並進入狀態 57

    $預設  使用規則 122 以縮減 (zero_or_more_expr_list)

    scalar_id               進入狀態 58
    literal_constant        進入狀態 59
    var_ref                 進入狀態 60
    expr                    進入狀態 110
    funct_call              進入狀態 62
    zero_or_more_expr_list  進入狀態 111
    expr_list               進入狀態 112


狀態 81

   97 intexpr_single_array_indice: '[' . expr ']'

    '('                偏移，並進入狀態 51
    OP_NOT             偏移，並進入狀態 52
    '-'                偏移，並進入狀態 53
    ID                 偏移，並進入狀態 21
    INTEGER_CONSTANT   偏移，並進入狀態 54
    FLOATING_CONSTANT  偏移，並進入狀態 55
    BOOLEAN_CONSTANT   偏移，並進入狀態 56
    STRING_CONSTANT    偏移，並進入狀態 57

    scalar_id         進入狀態 58
    literal_constant  進入狀態 59
    var_ref           進入狀態 60
    expr              進入狀態 113
    funct_call        進入狀態 62


狀態 82

   94 var_ref: scalar_id intexpr_array_indice .

    $預設  使用規則 94 以縮減 (var_ref)


狀態 83

   95 intexpr_array_indice: intexpr_single_array_indice . intexpr_array_indice
   96                     | intexpr_single_array_indice .

    '['  偏移，並進入狀態 81

    $預設  使用規則 96 以縮減 (intexpr_array_indice)

    intexpr_array_indice         進入狀態 114
    intexpr_single_array_indice  進入狀態 83


狀態 84

  106 binary_logic_op: OP_OR .

    $預設  使用規則 106 以縮減 (binary_logic_op)


狀態 85

  105 binary_logic_op: OP_AND .

    $預設  使用規則 105 以縮減 (binary_logic_op)


狀態 86

   99 relation_op: OP_LT .

    $預設  使用規則 99 以縮減 (relation_op)


狀態 87

  100 relation_op: OP_LE .

    $預設  使用規則 100 以縮減 (relation_op)


狀態 88

  104 relation_op: OP_EQ .

    $預設  使用規則 104 以縮減 (relation_op)


狀態 89

  102 relation_op: OP_GE .

    $預設  使用規則 102 以縮減 (relation_op)


狀態 90

  101 relation_op: OP_GT .

    $預設  使用規則 101 以縮減 (relation_op)


狀態 91

  103 relation_op: OP_NE .

    $預設  使用規則 103 以縮減 (relation_op)


狀態 92

  107 expr: expr '+' . expr

    '('                偏移，並進入狀態 51
    OP_NOT             偏移，並進入狀態 52
    '-'                偏移，並進入狀態 53
    ID                 偏移，並進入狀態 21
    INTEGER_CONSTANT   偏移，並進入狀態 54
    FLOATING_CONSTANT  偏移，並進入狀態 55
    BOOLEAN_CONSTANT   偏移，並進入狀態 56
    STRING_CONSTANT    偏移，並進入狀態 57

    scalar_id         進入狀態 58
    literal_constant  進入狀態 59
    var_ref           進入狀態 60
    expr              進入狀態 115
    funct_call        進入狀態 62


狀態 93

  108 expr: expr '-' . expr

    '('                偏移，並進入狀態 51
    OP_NOT             偏移，並進入狀態 52
    '-'                偏移，並進入狀態 53
    ID                 偏移，並進入狀態 21
    INTEGER_CONSTANT   偏移，並進入狀態 54
    FLOATING_CONSTANT  偏移，並進入狀態 55
    BOOLEAN_CONSTANT   偏移，並進入狀態 56
    STRING_CONSTANT    偏移，並進入狀態 57

    scalar_id         進入狀態 58
    literal_constant  進入狀態 59
    var_ref           進入狀態 60
    expr              進入狀態 116
    funct_call        進入狀態 62


狀態 94

  109 expr: expr '*' . expr

    '('                偏移，並進入狀態 51
    OP_NOT             偏移，並進入狀態 52
    '-'                偏移，並進入狀態 53
    ID                 偏移，並進入狀態 21
    INTEGER_CONSTANT   偏移，並進入狀態 54
    FLOATING_CONSTANT  偏移，並進入狀態 55
    BOOLEAN_CONSTANT   偏移，並進入狀態 56
    STRING_CONSTANT    偏移，並進入狀態 57

    scalar_id         進入狀態 58
    literal_constant  進入狀態 59
    var_ref           進入狀態 60
    expr              進入狀態 117
    funct_call        進入狀態 62


狀態 95

  110 expr: expr '/' . expr

    '('                偏移，並進入狀態 51
    OP_NOT             偏移，並進入狀態 52
    '-'                偏移，並進入狀態 53
    ID                 偏移，並進入狀態 21
    INTEGER_CONSTANT   偏移，並進入狀態 54
    FLOATING_CONSTANT  偏移，並進入狀態 55
    BOOLEAN_CONSTANT   偏移，並進入狀態 56
    STRING_CONSTANT    偏移，並進入狀態 57

    scalar_id         進入狀態 58
    literal_constant  進入狀態 59
    var_ref           進入狀態 60
    expr              進入狀態 118
    funct_call        進入狀態 62


狀態 96

  111 expr: expr '%' . expr

    '('                偏移，並進入狀態 51
    OP_NOT             偏移，並進入狀態 52
    '-'                偏移，並進入狀態 53
    ID                 偏移，並進入狀態 21
    INTEGER_CONSTANT   偏移，並進入狀態 54
    FLOATING_CONSTANT  偏移，並進入狀態 55
    BOOLEAN_CONSTANT   偏移，並進入狀態 56
    STRING_CONSTANT    偏移，並進入狀態 57

    scalar_id         進入狀態 58
    literal_constant  進入狀態 59
    var_ref           進入狀態 60
    expr              進入狀態 119
    funct_call        進入狀態 62


狀態 97

  114 expr: expr relation_op . expr

    '('                偏移，並進入狀態 51
    OP_NOT             偏移，並進入狀態 52
    '-'                偏移，並進入狀態 53
    ID                 偏移，並進入狀態 21
    INTEGER_CONSTANT   偏移，並進入狀態 54
    FLOATING_CONSTANT  偏移，並進入狀態 55
    BOOLEAN_CONSTANT   偏移，並進入狀態 56
    STRING_CONSTANT    偏移，並進入狀態 57

    scalar_id         進入狀態 58
    literal_constant  進入狀態 59
    var_ref           進入狀態 60
    expr              進入狀態 120
    funct_call        進入狀態 62


狀態 98

  115 expr: expr binary_logic_op . expr

    '('                偏移，並進入狀態 51
    OP_NOT             偏移，並進入狀態 52
    '-'                偏移，並進入狀態 53
    ID                 偏移，並進入狀態 21
    INTEGER_CONSTANT   偏移，並進入狀態 54
    FLOATING_CONSTANT  偏移，並進入狀態 55
    BOOLEAN_CONSTANT   偏移，並進入狀態 56
    STRING_CONSTANT    偏移，並進入狀態 57

    scalar_id         進入狀態 58
    literal_constant  進入狀態 59
    var_ref           進入狀態 60
    expr              進入狀態 121
    funct_call        進入狀態 62


狀態 99

   29 single_array_indice: '[' INTEGER_CONSTANT ']' .

    $預設  使用規則 29 以縮減 (single_array_indice)


狀態 100

   25 var_entry: scalar_id array_indice ASSIGN '{' . zero_or_more_expr_list '}'

    '('                偏移，並進入狀態 51
    OP_NOT             偏移，並進入狀態 52
    '-'                偏移，並進入狀態 53
    ID                 偏移，並進入狀態 21
    INTEGER_CONSTANT   偏移，並進入狀態 54
    FLOATING_CONSTANT  偏移，並進入狀態 55
    BOOLEAN_CONSTANT   偏移，並進入狀態 56
    STRING_CONSTANT    偏移，並進入狀態 57

    $預設  使用規則 122 以縮減 (zero_or_more_expr_list)

    scalar_id               進入狀態 58
    literal_constant        進入狀態 59
    var_ref                 進入狀態 60
    expr                    進入狀態 110
    funct_call              進入狀態 62
    zero_or_more_expr_list  進入狀態 122
    expr_list               進入狀態 112


狀態 101

   19 identifier: scalar_id .
   20           | scalar_id . array_indice
   24 var_entry: scalar_id . ASSIGN expr
   25          | scalar_id . array_indice ASSIGN '{' zero_or_more_expr_list '}'
   39 funct_decl: type scalar_id . '(' args ')' SEMICOLON

    '('     偏移，並進入狀態 123
    ASSIGN  偏移，並進入狀態 34
    '['     偏移，並進入狀態 35

    $預設  使用規則 19 以縮減 (identifier)

    array_indice         進入狀態 36
    single_array_indice  進入狀態 37


狀態 102

   43 funct_def: type scalar_id . '(' args ')' $@1 compound_stat

    '('  偏移，並進入狀態 124


狀態 103

   34 single_const: scalar_id ASSIGN '-' literal_constant .

    $預設  使用規則 34 以縮減 (single_const)


狀態 104

   47 single_arg: CONST type identifier .

    $預設  使用規則 47 以縮減 (single_arg)


狀態 105

   20 identifier: scalar_id array_indice .

    $預設  使用規則 20 以縮減 (identifier)


狀態 106

   39 funct_decl: type scalar_id '(' args ')' SEMICOLON .

    $預設  使用規則 39 以縮減 (funct_decl)


狀態 107

   43 funct_def: type scalar_id '(' args ')' $@1 . compound_stat

    '{'  偏移，並進入狀態 125

    compound_stat  進入狀態 126


狀態 108

   48 arg_list: arg_list COMMA single_arg .

    $預設  使用規則 48 以縮減 (arg_list)


狀態 109

  113 expr: '(' expr ')' .

    $預設  使用規則 113 以縮減 (expr)


狀態 110

  107 expr: expr . '+' expr
  108     | expr . '-' expr
  109     | expr . '*' expr
  110     | expr . '/' expr
  111     | expr . '%' expr
  114     | expr . relation_op expr
  115     | expr . binary_logic_op expr
  123 expr_list: expr .

    OP_OR   偏移，並進入狀態 84
    OP_AND  偏移，並進入狀態 85
    OP_LT   偏移，並進入狀態 86
    OP_LE   偏移，並進入狀態 87
    OP_EQ   偏移，並進入狀態 88
    OP_GE   偏移，並進入狀態 89
    OP_GT   偏移，並進入狀態 90
    OP_NE   偏移，並進入狀態 91
    '+'     偏移，並進入狀態 92
    '-'     偏移，並進入狀態 93
    '*'     偏移，並進入狀態 94
    '/'     偏移，並進入狀態 95
    '%'     偏移，並進入狀態 96

    $預設  使用規則 123 以縮減 (expr_list)

    relation_op      進入狀態 97
    binary_logic_op  進入狀態 98


狀態 111

  120 funct_call: scalar_id '(' zero_or_more_expr_list . ')'

    ')'  偏移，並進入狀態 127


狀態 112

  121 zero_or_more_expr_list: expr_list .
  124 expr_list: expr_list . COMMA expr

    COMMA  偏移，並進入狀態 128

    $預設  使用規則 121 以縮減 (zero_or_more_expr_list)


狀態 113

   97 intexpr_single_array_indice: '[' expr . ']'
  107 expr: expr . '+' expr
  108     | expr . '-' expr
  109     | expr . '*' expr
  110     | expr . '/' expr
  111     | expr . '%' expr
  114     | expr . relation_op expr
  115     | expr . binary_logic_op expr

    OP_OR   偏移，並進入狀態 84
    OP_AND  偏移，並進入狀態 85
    OP_LT   偏移，並進入狀態 86
    OP_LE   偏移，並進入狀態 87
    OP_EQ   偏移，並進入狀態 88
    OP_GE   偏移，並進入狀態 89
    OP_GT   偏移，並進入狀態 90
    OP_NE   偏移，並進入狀態 91
    '+'     偏移，並進入狀態 92
    '-'     偏移，並進入狀態 93
    '*'     偏移，並進入狀態 94
    '/'     偏移，並進入狀態 95
    '%'     偏移，並進入狀態 96
    ']'     偏移，並進入狀態 129

    relation_op      進入狀態 97
    binary_logic_op  進入狀態 98


狀態 114

   95 intexpr_array_indice: intexpr_single_array_indice intexpr_array_indice .

    $預設  使用規則 95 以縮減 (intexpr_array_indice)


狀態 115

  107 expr: expr . '+' expr
  107     | expr '+' expr .
  108     | expr . '-' expr
  109     | expr . '*' expr
  110     | expr . '/' expr
  111     | expr . '%' expr
  114     | expr . relation_op expr
  115     | expr . binary_logic_op expr

    '*'  偏移，並進入狀態 94
    '/'  偏移，並進入狀態 95
    '%'  偏移，並進入狀態 96

    $預設  使用規則 107 以縮減 (expr)

    relation_op      進入狀態 97
    binary_logic_op  進入狀態 98


狀態 116

  107 expr: expr . '+' expr
  108     | expr . '-' expr
  108     | expr '-' expr .
  109     | expr . '*' expr
  110     | expr . '/' expr
  111     | expr . '%' expr
  114     | expr . relation_op expr
  115     | expr . binary_logic_op expr

    '*'  偏移，並進入狀態 94
    '/'  偏移，並進入狀態 95
    '%'  偏移，並進入狀態 96

    $預設  使用規則 108 以縮減 (expr)

    relation_op      進入狀態 97
    binary_logic_op  進入狀態 98


狀態 117

  107 expr: expr . '+' expr
  108     | expr . '-' expr
  109     | expr . '*' expr
  109     | expr '*' expr .
  110     | expr . '/' expr
  111     | expr . '%' expr
  114     | expr . relation_op expr
  115     | expr . binary_logic_op expr

    $預設  使用規則 109 以縮減 (expr)

    relation_op      進入狀態 97
    binary_logic_op  進入狀態 98


狀態 118

  107 expr: expr . '+' expr
  108     | expr . '-' expr
  109     | expr . '*' expr
  110     | expr . '/' expr
  110     | expr '/' expr .
  111     | expr . '%' expr
  114     | expr . relation_op expr
  115     | expr . binary_logic_op expr

    $預設  使用規則 110 以縮減 (expr)

    relation_op      進入狀態 97
    binary_logic_op  進入狀態 98


狀態 119

  107 expr: expr . '+' expr
  108     | expr . '-' expr
  109     | expr . '*' expr
  110     | expr . '/' expr
  111     | expr . '%' expr
  111     | expr '%' expr .
  114     | expr . relation_op expr
  115     | expr . binary_logic_op expr

    $預設  使用規則 111 以縮減 (expr)

    relation_op      進入狀態 97
    binary_logic_op  進入狀態 98


狀態 120

  107 expr: expr . '+' expr
  108     | expr . '-' expr
  109     | expr . '*' expr
  110     | expr . '/' expr
  111     | expr . '%' expr
  114     | expr . relation_op expr
  114     | expr relation_op expr .
  115     | expr . binary_logic_op expr

    '+'  偏移，並進入狀態 92
    '-'  偏移，並進入狀態 93
    '*'  偏移，並進入狀態 94
    '/'  偏移，並進入狀態 95
    '%'  偏移，並進入狀態 96

    OP_LT  錯誤 (非相聯的)
    OP_LE  錯誤 (非相聯的)
    OP_EQ  錯誤 (非相聯的)
    OP_GE  錯誤 (非相聯的)
    OP_GT  錯誤 (非相聯的)
    OP_NE  錯誤 (非相聯的)

    $預設  使用規則 114 以縮減 (expr)

    relation_op      進入狀態 97
    binary_logic_op  進入狀態 98


狀態 121

  107 expr: expr . '+' expr
  108     | expr . '-' expr
  109     | expr . '*' expr
  110     | expr . '/' expr
  111     | expr . '%' expr
  114     | expr . relation_op expr
  115     | expr . binary_logic_op expr
  115     | expr binary_logic_op expr .

    OP_LT  偏移，並進入狀態 86
    OP_LE  偏移，並進入狀態 87
    OP_EQ  偏移，並進入狀態 88
    OP_GE  偏移，並進入狀態 89
    OP_GT  偏移，並進入狀態 90
    OP_NE  偏移，並進入狀態 91
    '+'    偏移，並進入狀態 92
    '-'    偏移，並進入狀態 93
    '*'    偏移，並進入狀態 94
    '/'    偏移，並進入狀態 95
    '%'    偏移，並進入狀態 96

    $預設  使用規則 115 以縮減 (expr)

    relation_op      進入狀態 97
    binary_logic_op  進入狀態 98


狀態 122

   25 var_entry: scalar_id array_indice ASSIGN '{' zero_or_more_expr_list . '}'

    '}'  偏移，並進入狀態 130


狀態 123

   39 funct_decl: type scalar_id '(' . args ')' SEMICOLON

    INT     偏移，並進入狀態 1
    BOOL    偏移，並進入狀態 2
    FLOAT   偏移，並進入狀態 3
    DOUBLE  偏移，並進入狀態 4
    STRING  偏移，並進入狀態 5
    CONST   偏移，並進入狀態 46
    VOID    偏移，並進入狀態 7

    $預設  使用規則 45 以縮減 (args)

    type        進入狀態 47
    args        進入狀態 131
    single_arg  進入狀態 49
    arg_list    進入狀態 50


狀態 124

   43 funct_def: type scalar_id '(' . args ')' $@1 compound_stat

    INT     偏移，並進入狀態 1
    BOOL    偏移，並進入狀態 2
    FLOAT   偏移，並進入狀態 3
    DOUBLE  偏移，並進入狀態 4
    STRING  偏移，並進入狀態 5
    CONST   偏移，並進入狀態 46
    VOID    偏移，並進入狀態 7

    $預設  使用規則 45 以縮減 (args)

    type        進入狀態 47
    args        進入狀態 132
    single_arg  進入狀態 49
    arg_list    進入狀態 50


狀態 125

   51 compound_stat: '{' . $@2 local_decl_list zero_or_more_stat_list '}'

    $預設  使用規則 50 以縮減 ($@2)

    $@2  進入狀態 133


狀態 126

   43 funct_def: type scalar_id '(' args ')' $@1 compound_stat .

    $預設  使用規則 43 以縮減 (funct_def)


狀態 127

  120 funct_call: scalar_id '(' zero_or_more_expr_list ')' .

    $預設  使用規則 120 以縮減 (funct_call)


狀態 128

  124 expr_list: expr_list COMMA . expr

    '('                偏移，並進入狀態 51
    OP_NOT             偏移，並進入狀態 52
    '-'                偏移，並進入狀態 53
    ID                 偏移，並進入狀態 21
    INTEGER_CONSTANT   偏移，並進入狀態 54
    FLOATING_CONSTANT  偏移，並進入狀態 55
    BOOLEAN_CONSTANT   偏移，並進入狀態 56
    STRING_CONSTANT    偏移，並進入狀態 57

    scalar_id         進入狀態 58
    literal_constant  進入狀態 59
    var_ref           進入狀態 60
    expr              進入狀態 134
    funct_call        進入狀態 62


狀態 129

   97 intexpr_single_array_indice: '[' expr ']' .

    $預設  使用規則 97 以縮減 (intexpr_single_array_indice)


狀態 130

   25 var_entry: scalar_id array_indice ASSIGN '{' zero_or_more_expr_list '}' .

    $預設  使用規則 25 以縮減 (var_entry)


狀態 131

   39 funct_decl: type scalar_id '(' args . ')' SEMICOLON

    ')'  偏移，並進入狀態 135


狀態 132

   43 funct_def: type scalar_id '(' args . ')' $@1 compound_stat

    ')'  偏移，並進入狀態 136


狀態 133

   51 compound_stat: '{' $@2 . local_decl_list zero_or_more_stat_list '}'

    INT     偏移，並進入狀態 1
    BOOL    偏移，並進入狀態 2
    FLOAT   偏移，並進入狀態 3
    DOUBLE  偏移，並進入狀態 4
    STRING  偏移，並進入狀態 5
    CONST   偏移，並進入狀態 6
    VOID    偏移，並進入狀態 7

    $預設  使用規則 53 以縮減 (local_decl_list)

    var_decl         進入狀態 137
    type             進入狀態 138
    const_decl       進入狀態 139
    local_decl_list  進入狀態 140
    var_decl_list    進入狀態 141
    var_decl_entry   進入狀態 142


狀態 134

  107 expr: expr . '+' expr
  108     | expr . '-' expr
  109     | expr . '*' expr
  110     | expr . '/' expr
  111     | expr . '%' expr
  114     | expr . relation_op expr
  115     | expr . binary_logic_op expr
  124 expr_list: expr_list COMMA expr .

    OP_OR   偏移，並進入狀態 84
    OP_AND  偏移，並進入狀態 85
    OP_LT   偏移，並進入狀態 86
    OP_LE   偏移，並進入狀態 87
    OP_EQ   偏移，並進入狀態 88
    OP_GE   偏移，並進入狀態 89
    OP_GT   偏移，並進入狀態 90
    OP_NE   偏移，並進入狀態 91
    '+'     偏移，並進入狀態 92
    '-'     偏移，並進入狀態 93
    '*'     偏移，並進入狀態 94
    '/'     偏移，並進入狀態 95
    '%'     偏移，並進入狀態 96

    $預設  使用規則 124 以縮減 (expr_list)

    relation_op      進入狀態 97
    binary_logic_op  進入狀態 98


狀態 135

   39 funct_decl: type scalar_id '(' args ')' . SEMICOLON

    SEMICOLON  偏移，並進入狀態 106


狀態 136

   43 funct_def: type scalar_id '(' args ')' . $@1 compound_stat

    $預設  使用規則 42 以縮減 ($@1)

    $@1  進入狀態 107


狀態 137

   56 var_decl_entry: var_decl .

    $預設  使用規則 56 以縮減 (var_decl_entry)


狀態 138

   12 var_decl: type . var_list SEMICOLON

    ID  偏移，並進入狀態 21

    identifier  進入狀態 22
    var_list    進入狀態 23
    var_entry   進入狀態 24
    scalar_id   進入狀態 45


狀態 139

   57 var_decl_entry: const_decl .

    $預設  使用規則 57 以縮減 (var_decl_entry)


狀態 140

   51 compound_stat: '{' $@2 local_decl_list . zero_or_more_stat_list '}'

    KW_RETURN    偏移，並進入狀態 143
    KW_BREAK     偏移，並進入狀態 144
    KW_CONTINUE  偏移，並進入狀態 145
    KW_FOR       偏移，並進入狀態 146
    KW_WHILE     偏移，並進入狀態 147
    KW_DO        偏移，並進入狀態 148
    KW_IF        偏移，並進入狀態 149
    ID           偏移，並進入狀態 21
    KW_PRINT     偏移，並進入狀態 150
    KW_READ      偏移，並進入狀態 151
    '{'          偏移，並進入狀態 125

    $預設  使用規則 59 以縮減 (zero_or_more_stat_list)

    scalar_id               進入狀態 58
    compound_stat           進入狀態 152
    zero_or_more_stat_list  進入狀態 153
    stat_list               進入狀態 154
    stat                    進入狀態 155
    if_stat                 進入狀態 156
    if_only_stat            進入狀態 157
    if_else_stat            進入狀態 158
    while_stat              進入狀態 159
    for_stat                進入狀態 160
    single_assginment       進入狀態 161
    jump_stat               進入狀態 162
    simple_stat             進入狀態 163
    var_ref                 進入狀態 164
    funct_call              進入狀態 165


狀態 141

   52 local_decl_list: var_decl_list .

    $預設  使用規則 52 以縮減 (local_decl_list)


狀態 142

   54 var_decl_list: var_decl_entry . var_decl_list
   55              | var_decl_entry .

    INT     偏移，並進入狀態 1
    BOOL    偏移，並進入狀態 2
    FLOAT   偏移，並進入狀態 3
    DOUBLE  偏移，並進入狀態 4
    STRING  偏移，並進入狀態 5
    CONST   偏移，並進入狀態 6
    VOID    偏移，並進入狀態 7

    $預設  使用規則 55 以縮減 (var_decl_list)

    var_decl        進入狀態 137
    type            進入狀態 138
    const_decl      進入狀態 139
    var_decl_list   進入狀態 166
    var_decl_entry  進入狀態 142


狀態 143

   87 jump_stat: KW_RETURN . expr SEMICOLON

    '('                偏移，並進入狀態 51
    OP_NOT             偏移，並進入狀態 52
    '-'                偏移，並進入狀態 53
    ID                 偏移，並進入狀態 21
    INTEGER_CONSTANT   偏移，並進入狀態 54
    FLOATING_CONSTANT  偏移，並進入狀態 55
    BOOLEAN_CONSTANT   偏移，並進入狀態 56
    STRING_CONSTANT    偏移，並進入狀態 57

    scalar_id         進入狀態 58
    literal_constant  進入狀態 59
    var_ref           進入狀態 60
    expr              進入狀態 167
    funct_call        進入狀態 62


狀態 144

   88 jump_stat: KW_BREAK . SEMICOLON

    SEMICOLON  偏移，並進入狀態 168


狀態 145

   89 jump_stat: KW_CONTINUE . SEMICOLON

    SEMICOLON  偏移，並進入狀態 169


狀態 146

   78 for_stat: KW_FOR . $@5 '(' for_expr SEMICOLON for_bool_expr SEMICOLON for_expr ')' compound_stat

    $預設  使用規則 77 以縮減 ($@5)

    $@5  進入狀態 170


狀態 147

   74 while_stat: KW_WHILE . $@3 '(' bool_expr ')' compound_stat

    $預設  使用規則 73 以縮減 ($@3)

    $@3  進入狀態 171


狀態 148

   76 while_stat: KW_DO . $@4 compound_stat KW_WHILE '(' bool_expr ')' SEMICOLON

    $預設  使用規則 75 以縮減 ($@4)

    $@4  進入狀態 172


狀態 149

   71 if_only_stat: KW_IF . '(' bool_expr ')' compound_stat
   72 if_else_stat: KW_IF . '(' bool_expr ')' compound_stat KW_ELSE compound_stat

    '('  偏移，並進入狀態 173


狀態 150

   91 simple_stat: KW_PRINT . expr SEMICOLON

    '('                偏移，並進入狀態 51
    OP_NOT             偏移，並進入狀態 52
    '-'                偏移，並進入狀態 53
    ID                 偏移，並進入狀態 21
    INTEGER_CONSTANT   偏移，並進入狀態 54
    FLOATING_CONSTANT  偏移，並進入狀態 55
    BOOLEAN_CONSTANT   偏移，並進入狀態 56
    STRING_CONSTANT    偏移，並進入狀態 57

    scalar_id         進入狀態 58
    literal_constant  進入狀態 59
    var_ref           進入狀態 60
    expr              進入狀態 174
    funct_call        進入狀態 62


狀態 151

   92 simple_stat: KW_READ . var_ref SEMICOLON

    ID  偏移，並進入狀態 21

    scalar_id  進入狀態 175
    var_ref    進入狀態 176


狀態 152

   62 stat: compound_stat .

    $預設  使用規則 62 以縮減 (stat)


狀態 153

   51 compound_stat: '{' $@2 local_decl_list zero_or_more_stat_list . '}'

    '}'  偏移，並進入狀態 177


狀態 154

   58 zero_or_more_stat_list: stat_list .
   60 stat_list: stat_list . stat

    KW_RETURN    偏移，並進入狀態 143
    KW_BREAK     偏移，並進入狀態 144
    KW_CONTINUE  偏移，並進入狀態 145
    KW_FOR       偏移，並進入狀態 146
    KW_WHILE     偏移，並進入狀態 147
    KW_DO        偏移，並進入狀態 148
    KW_IF        偏移，並進入狀態 149
    ID           偏移，並進入狀態 21
    KW_PRINT     偏移，並進入狀態 150
    KW_READ      偏移，並進入狀態 151
    '{'          偏移，並進入狀態 125

    $預設  使用規則 58 以縮減 (zero_or_more_stat_list)

    scalar_id          進入狀態 58
    compound_stat      進入狀態 152
    stat               進入狀態 178
    if_stat            進入狀態 156
    if_only_stat       進入狀態 157
    if_else_stat       進入狀態 158
    while_stat         進入狀態 159
    for_stat           進入狀態 160
    single_assginment  進入狀態 161
    jump_stat          進入狀態 162
    simple_stat        進入狀態 163
    var_ref            進入狀態 164
    funct_call         進入狀態 165


狀態 155

   61 stat_list: stat .

    $預設  使用規則 61 以縮減 (stat_list)


狀態 156

   64 stat: if_stat .

    $預設  使用規則 64 以縮減 (stat)


狀態 157

   69 if_stat: if_only_stat .

    $預設  使用規則 69 以縮減 (if_stat)


狀態 158

   70 if_stat: if_else_stat .

    $預設  使用規則 70 以縮減 (if_stat)


狀態 159

   65 stat: while_stat .

    $預設  使用規則 65 以縮減 (stat)


狀態 160

   66 stat: for_stat .

    $預設  使用規則 66 以縮減 (stat)


狀態 161

   90 simple_stat: single_assginment . SEMICOLON

    SEMICOLON  偏移，並進入狀態 179


狀態 162

   67 stat: jump_stat .

    $預設  使用規則 67 以縮減 (stat)


狀態 163

   63 stat: simple_stat .

    $預設  使用規則 63 以縮減 (stat)


狀態 164

   84 single_assginment: var_ref . ASSIGN expr

    ASSIGN  偏移，並進入狀態 180


狀態 165

   68 stat: funct_call . SEMICOLON

    SEMICOLON  偏移，並進入狀態 181


狀態 166

   54 var_decl_list: var_decl_entry var_decl_list .

    $預設  使用規則 54 以縮減 (var_decl_list)


狀態 167

   87 jump_stat: KW_RETURN expr . SEMICOLON
  107 expr: expr . '+' expr
  108     | expr . '-' expr
  109     | expr . '*' expr
  110     | expr . '/' expr
  111     | expr . '%' expr
  114     | expr . relation_op expr
  115     | expr . binary_logic_op expr

    OP_OR      偏移，並進入狀態 84
    OP_AND     偏移，並進入狀態 85
    OP_LT      偏移，並進入狀態 86
    OP_LE      偏移，並進入狀態 87
    OP_EQ      偏移，並進入狀態 88
    OP_GE      偏移，並進入狀態 89
    OP_GT      偏移，並進入狀態 90
    OP_NE      偏移，並進入狀態 91
    '+'        偏移，並進入狀態 92
    '-'        偏移，並進入狀態 93
    '*'        偏移，並進入狀態 94
    '/'        偏移，並進入狀態 95
    '%'        偏移，並進入狀態 96
    SEMICOLON  偏移，並進入狀態 182

    relation_op      進入狀態 97
    binary_logic_op  進入狀態 98


狀態 168

   88 jump_stat: KW_BREAK SEMICOLON .

    $預設  使用規則 88 以縮減 (jump_stat)


狀態 169

   89 jump_stat: KW_CONTINUE SEMICOLON .

    $預設  使用規則 89 以縮減 (jump_stat)


狀態 170

   78 for_stat: KW_FOR $@5 . '(' for_expr SEMICOLON for_bool_expr SEMICOLON for_expr ')' compound_stat

    '('  偏移，並進入狀態 183


狀態 171

   74 while_stat: KW_WHILE $@3 . '(' bool_expr ')' compound_stat

    '('  偏移，並進入狀態 184


狀態 172

   76 while_stat: KW_DO $@4 . compound_stat KW_WHILE '(' bool_expr ')' SEMICOLON

    '{'  偏移，並進入狀態 125

    compound_stat  進入狀態 185


狀態 173

   71 if_only_stat: KW_IF '(' . bool_expr ')' compound_stat
   72 if_else_stat: KW_IF '(' . bool_expr ')' compound_stat KW_ELSE compound_stat

    '('                偏移，並進入狀態 51
    OP_NOT             偏移，並進入狀態 52
    '-'                偏移，並進入狀態 53
    ID                 偏移，並進入狀態 21
    INTEGER_CONSTANT   偏移，並進入狀態 54
    FLOATING_CONSTANT  偏移，並進入狀態 55
    BOOLEAN_CONSTANT   偏移，並進入狀態 56
    STRING_CONSTANT    偏移，並進入狀態 57

    scalar_id         進入狀態 58
    literal_constant  進入狀態 59
    var_ref           進入狀態 60
    bool_expr         進入狀態 186
    expr              進入狀態 187
    funct_call        進入狀態 62


狀態 174

   91 simple_stat: KW_PRINT expr . SEMICOLON
  107 expr: expr . '+' expr
  108     | expr . '-' expr
  109     | expr . '*' expr
  110     | expr . '/' expr
  111     | expr . '%' expr
  114     | expr . relation_op expr
  115     | expr . binary_logic_op expr

    OP_OR      偏移，並進入狀態 84
    OP_AND     偏移，並進入狀態 85
    OP_LT      偏移，並進入狀態 86
    OP_LE      偏移，並進入狀態 87
    OP_EQ      偏移，並進入狀態 88
    OP_GE      偏移，並進入狀態 89
    OP_GT      偏移，並進入狀態 90
    OP_NE      偏移，並進入狀態 91
    '+'        偏移，並進入狀態 92
    '-'        偏移，並進入狀態 93
    '*'        偏移，並進入狀態 94
    '/'        偏移，並進入狀態 95
    '%'        偏移，並進入狀態 96
    SEMICOLON  偏移，並進入狀態 188

    relation_op      進入狀態 97
    binary_logic_op  進入狀態 98


狀態 175

   93 var_ref: scalar_id .
   94        | scalar_id . intexpr_array_indice

    '['  偏移，並進入狀態 81

    $預設  使用規則 93 以縮減 (var_ref)

    intexpr_array_indice         進入狀態 82
    intexpr_single_array_indice  進入狀態 83


狀態 176

   92 simple_stat: KW_READ var_ref . SEMICOLON

    SEMICOLON  偏移，並進入狀態 189


狀態 177

   51 compound_stat: '{' $@2 local_decl_list zero_or_more_stat_list '}' .

    $預設  使用規則 51 以縮減 (compound_stat)


狀態 178

   60 stat_list: stat_list stat .

    $預設  使用規則 60 以縮減 (stat_list)


狀態 179

   90 simple_stat: single_assginment SEMICOLON .

    $預設  使用規則 90 以縮減 (simple_stat)


狀態 180

   84 single_assginment: var_ref ASSIGN . expr

    '('                偏移，並進入狀態 51
    OP_NOT             偏移，並進入狀態 52
    '-'                偏移，並進入狀態 53
    ID                 偏移，並進入狀態 21
    INTEGER_CONSTANT   偏移，並進入狀態 54
    FLOATING_CONSTANT  偏移，並進入狀態 55
    BOOLEAN_CONSTANT   偏移，並進入狀態 56
    STRING_CONSTANT    偏移，並進入狀態 57

    scalar_id         進入狀態 58
    literal_constant  進入狀態 59
    var_ref           進入狀態 60
    expr              進入狀態 190
    funct_call        進入狀態 62


狀態 181

   68 stat: funct_call SEMICOLON .

    $預設  使用規則 68 以縮減 (stat)


狀態 182

   87 jump_stat: KW_RETURN expr SEMICOLON .

    $預設  使用規則 87 以縮減 (jump_stat)


狀態 183

   78 for_stat: KW_FOR $@5 '(' . for_expr SEMICOLON for_bool_expr SEMICOLON for_expr ')' compound_stat

    '('                偏移，並進入狀態 51
    OP_NOT             偏移，並進入狀態 52
    '-'                偏移，並進入狀態 53
    ID                 偏移，並進入狀態 21
    INTEGER_CONSTANT   偏移，並進入狀態 54
    FLOATING_CONSTANT  偏移，並進入狀態 55
    BOOLEAN_CONSTANT   偏移，並進入狀態 56
    STRING_CONSTANT    偏移，並進入狀態 57

    $預設  使用規則 83 以縮減 (for_expr)

    scalar_id                   進入狀態 58
    literal_constant            進入狀態 59
    for_expr                    進入狀態 191
    single_assginment           進入狀態 192
    one_or_more_for_assignment  進入狀態 193
    var_ref                     進入狀態 194
    expr                        進入狀態 195
    funct_call                  進入狀態 62


狀態 184

   74 while_stat: KW_WHILE $@3 '(' . bool_expr ')' compound_stat

    '('                偏移，並進入狀態 51
    OP_NOT             偏移，並進入狀態 52
    '-'                偏移，並進入狀態 53
    ID                 偏移，並進入狀態 21
    INTEGER_CONSTANT   偏移，並進入狀態 54
    FLOATING_CONSTANT  偏移，並進入狀態 55
    BOOLEAN_CONSTANT   偏移，並進入狀態 56
    STRING_CONSTANT    偏移，並進入狀態 57

    scalar_id         進入狀態 58
    literal_constant  進入狀態 59
    var_ref           進入狀態 60
    bool_expr         進入狀態 196
    expr              進入狀態 187
    funct_call        進入狀態 62


狀態 185

   76 while_stat: KW_DO $@4 compound_stat . KW_WHILE '(' bool_expr ')' SEMICOLON

    KW_WHILE  偏移，並進入狀態 197


狀態 186

   71 if_only_stat: KW_IF '(' bool_expr . ')' compound_stat
   72 if_else_stat: KW_IF '(' bool_expr . ')' compound_stat KW_ELSE compound_stat

    ')'  偏移，並進入狀態 198


狀態 187

   98 bool_expr: expr .
  107 expr: expr . '+' expr
  108     | expr . '-' expr
  109     | expr . '*' expr
  110     | expr . '/' expr
  111     | expr . '%' expr
  114     | expr . relation_op expr
  115     | expr . binary_logic_op expr

    OP_OR   偏移，並進入狀態 84
    OP_AND  偏移，並進入狀態 85
    OP_LT   偏移，並進入狀態 86
    OP_LE   偏移，並進入狀態 87
    OP_EQ   偏移，並進入狀態 88
    OP_GE   偏移，並進入狀態 89
    OP_GT   偏移，並進入狀態 90
    OP_NE   偏移，並進入狀態 91
    '+'     偏移，並進入狀態 92
    '-'     偏移，並進入狀態 93
    '*'     偏移，並進入狀態 94
    '/'     偏移，並進入狀態 95
    '%'     偏移，並進入狀態 96

    $預設  使用規則 98 以縮減 (bool_expr)

    relation_op      進入狀態 97
    binary_logic_op  進入狀態 98


狀態 188

   91 simple_stat: KW_PRINT expr SEMICOLON .

    $預設  使用規則 91 以縮減 (simple_stat)


狀態 189

   92 simple_stat: KW_READ var_ref SEMICOLON .

    $預設  使用規則 92 以縮減 (simple_stat)


狀態 190

   84 single_assginment: var_ref ASSIGN expr .
  107 expr: expr . '+' expr
  108     | expr . '-' expr
  109     | expr . '*' expr
  110     | expr . '/' expr
  111     | expr . '%' expr
  114     | expr . relation_op expr
  115     | expr . binary_logic_op expr

    OP_OR   偏移，並進入狀態 84
    OP_AND  偏移，並進入狀態 85
    OP_LT   偏移，並進入狀態 86
    OP_LE   偏移，並進入狀態 87
    OP_EQ   偏移，並進入狀態 88
    OP_GE   偏移，並進入狀態 89
    OP_GT   偏移，並進入狀態 90
    OP_NE   偏移，並進入狀態 91
    '+'     偏移，並進入狀態 92
    '-'     偏移，並進入狀態 93
    '*'     偏移，並進入狀態 94
    '/'     偏移，並進入狀態 95
    '%'     偏移，並進入狀態 96

    $預設  使用規則 84 以縮減 (single_assginment)

    relation_op      進入狀態 97
    binary_logic_op  進入狀態 98


狀態 191

   78 for_stat: KW_FOR $@5 '(' for_expr . SEMICOLON for_bool_expr SEMICOLON for_expr ')' compound_stat

    SEMICOLON  偏移，並進入狀態 199


狀態 192

   85 one_or_more_for_assignment: single_assginment .

    $預設  使用規則 85 以縮減 (one_or_more_for_assignment)


狀態 193

   82 for_expr: one_or_more_for_assignment .
   86 one_or_more_for_assignment: one_or_more_for_assignment . COMMA single_assginment

    COMMA  偏移，並進入狀態 200

    $預設  使用規則 82 以縮減 (for_expr)


狀態 194

   84 single_assginment: var_ref . ASSIGN expr
  119 expr: var_ref .

    ASSIGN  偏移，並進入狀態 180

    $預設  使用規則 119 以縮減 (expr)


狀態 195

   81 for_expr: expr .
  107 expr: expr . '+' expr
  108     | expr . '-' expr
  109     | expr . '*' expr
  110     | expr . '/' expr
  111     | expr . '%' expr
  114     | expr . relation_op expr
  115     | expr . binary_logic_op expr

    OP_OR   偏移，並進入狀態 84
    OP_AND  偏移，並進入狀態 85
    OP_LT   偏移，並進入狀態 86
    OP_LE   偏移，並進入狀態 87
    OP_EQ   偏移，並進入狀態 88
    OP_GE   偏移，並進入狀態 89
    OP_GT   偏移，並進入狀態 90
    OP_NE   偏移，並進入狀態 91
    '+'     偏移，並進入狀態 92
    '-'     偏移，並進入狀態 93
    '*'     偏移，並進入狀態 94
    '/'     偏移，並進入狀態 95
    '%'     偏移，並進入狀態 96

    $預設  使用規則 81 以縮減 (for_expr)

    relation_op      進入狀態 97
    binary_logic_op  進入狀態 98


狀態 196

   74 while_stat: KW_WHILE $@3 '(' bool_expr . ')' compound_stat

    ')'  偏移，並進入狀態 201


狀態 197

   76 while_stat: KW_DO $@4 compound_stat KW_WHILE . '(' bool_expr ')' SEMICOLON

    '('  偏移，並進入狀態 202


狀態 198

   71 if_only_stat: KW_IF '(' bool_expr ')' . compound_stat
   72 if_else_stat: KW_IF '(' bool_expr ')' . compound_stat KW_ELSE compound_stat

    '{'  偏移，並進入狀態 125

    compound_stat  進入狀態 203


狀態 199

   78 for_stat: KW_FOR $@5 '(' for_expr SEMICOLON . for_bool_expr SEMICOLON for_expr ')' compound_stat

    '('                偏移，並進入狀態 51
    OP_NOT             偏移，並進入狀態 52
    '-'                偏移，並進入狀態 53
    ID                 偏移，並進入狀態 21
    INTEGER_CONSTANT   偏移，並進入狀態 54
    FLOATING_CONSTANT  偏移，並進入狀態 55
    BOOLEAN_CONSTANT   偏移，並進入狀態 56
    STRING_CONSTANT    偏移，並進入狀態 57

    $預設  使用規則 80 以縮減 (for_bool_expr)

    scalar_id         進入狀態 58
    literal_constant  進入狀態 59
    for_bool_expr     進入狀態 204
    var_ref           進入狀態 60
    bool_expr         進入狀態 205
    expr              進入狀態 187
    funct_call        進入狀態 62


狀態 200

   86 one_or_more_for_assignment: one_or_more_for_assignment COMMA . single_assginment

    ID  偏移，並進入狀態 21

    scalar_id          進入狀態 175
    single_assginment  進入狀態 206
    var_ref            進入狀態 164


狀態 201

   74 while_stat: KW_WHILE $@3 '(' bool_expr ')' . compound_stat

    '{'  偏移，並進入狀態 125

    compound_stat  進入狀態 207


狀態 202

   76 while_stat: KW_DO $@4 compound_stat KW_WHILE '(' . bool_expr ')' SEMICOLON

    '('                偏移，並進入狀態 51
    OP_NOT             偏移，並進入狀態 52
    '-'                偏移，並進入狀態 53
    ID                 偏移，並進入狀態 21
    INTEGER_CONSTANT   偏移，並進入狀態 54
    FLOATING_CONSTANT  偏移，並進入狀態 55
    BOOLEAN_CONSTANT   偏移，並進入狀態 56
    STRING_CONSTANT    偏移，並進入狀態 57

    scalar_id         進入狀態 58
    literal_constant  進入狀態 59
    var_ref           進入狀態 60
    bool_expr         進入狀態 208
    expr              進入狀態 187
    funct_call        進入狀態 62


狀態 203

   71 if_only_stat: KW_IF '(' bool_expr ')' compound_stat .
   72 if_else_stat: KW_IF '(' bool_expr ')' compound_stat . KW_ELSE compound_stat

    KW_ELSE  偏移，並進入狀態 209

    $預設  使用規則 71 以縮減 (if_only_stat)


狀態 204

   78 for_stat: KW_FOR $@5 '(' for_expr SEMICOLON for_bool_expr . SEMICOLON for_expr ')' compound_stat

    SEMICOLON  偏移，並進入狀態 210


狀態 205

   79 for_bool_expr: bool_expr .

    $預設  使用規則 79 以縮減 (for_bool_expr)


狀態 206

   86 one_or_more_for_assignment: one_or_more_for_assignment COMMA single_assginment .

    $預設  使用規則 86 以縮減 (one_or_more_for_assignment)


狀態 207

   74 while_stat: KW_WHILE $@3 '(' bool_expr ')' compound_stat .

    $預設  使用規則 74 以縮減 (while_stat)


狀態 208

   76 while_stat: KW_DO $@4 compound_stat KW_WHILE '(' bool_expr . ')' SEMICOLON

    ')'  偏移，並進入狀態 211


狀態 209

   72 if_else_stat: KW_IF '(' bool_expr ')' compound_stat KW_ELSE . compound_stat

    '{'  偏移，並進入狀態 125

    compound_stat  進入狀態 212


狀態 210

   78 for_stat: KW_FOR $@5 '(' for_expr SEMICOLON for_bool_expr SEMICOLON . for_expr ')' compound_stat

    '('                偏移，並進入狀態 51
    OP_NOT             偏移，並進入狀態 52
    '-'                偏移，並進入狀態 53
    ID                 偏移，並進入狀態 21
    INTEGER_CONSTANT   偏移，並進入狀態 54
    FLOATING_CONSTANT  偏移，並進入狀態 55
    BOOLEAN_CONSTANT   偏移，並進入狀態 56
    STRING_CONSTANT    偏移，並進入狀態 57

    $預設  使用規則 83 以縮減 (for_expr)

    scalar_id                   進入狀態 58
    literal_constant            進入狀態 59
    for_expr                    進入狀態 213
    single_assginment           進入狀態 192
    one_or_more_for_assignment  進入狀態 193
    var_ref                     進入狀態 194
    expr                        進入狀態 195
    funct_call                  進入狀態 62


狀態 211

   76 while_stat: KW_DO $@4 compound_stat KW_WHILE '(' bool_expr ')' . SEMICOLON

    SEMICOLON  偏移，並進入狀態 214


狀態 212

   72 if_else_stat: KW_IF '(' bool_expr ')' compound_stat KW_ELSE compound_stat .

    $預設  使用規則 72 以縮減 (if_else_stat)


狀態 213

   78 for_stat: KW_FOR $@5 '(' for_expr SEMICOLON for_bool_expr SEMICOLON for_expr . ')' compound_stat

    ')'  偏移，並進入狀態 215


狀態 214

   76 while_stat: KW_DO $@4 compound_stat KW_WHILE '(' bool_expr ')' SEMICOLON .

    $預設  使用規則 76 以縮減 (while_stat)


狀態 215

   78 for_stat: KW_FOR $@5 '(' for_expr SEMICOLON for_bool_expr SEMICOLON for_expr ')' . compound_stat

    '{'  偏移，並進入狀態 125

    compound_stat  進入狀態 216


狀態 216

   78 for_stat: KW_FOR $@5 '(' for_expr SEMICOLON for_bool_expr SEMICOLON for_expr ')' compound_stat .

    $預設  使用規則 78 以縮減 (for_stat)
